[    1075ms] [INFO] %cDownload the React DevTools for a better development experience: https://react.dev/link/react-devtools font-weight:bold @ webpack-internal:///(app-pages-browser)/./node_modules/next/dist/compiled/react-dom/cjs/react-dom-client.development.js:25630
[    1208ms] [WARNING] Image with src "https://images.unsplash.com/photo-1586201375761-83865001e31c?w=600&h=400&fit=crop" has "fill" but is missing "sizes" prop. Please add it to improve page performance. Read more: https://nextjs.org/docs/api-reference/next/image#sizes @ webpack-internal:///(app-pages-browser)/./node_modules/next/dist/shared/lib/utils/warn-once.js:15
[    1211ms] [WARNING] Image with src "https://images.unsplash.com/photo-1596040033229-a9821ebd058d?w=600&h=400&fit=crop" has "fill" but is missing "sizes" prop. Please add it to improve page performance. Read more: https://nextjs.org/docs/api-reference/next/image#sizes @ webpack-internal:///(app-pages-browser)/./node_modules/next/dist/shared/lib/utils/warn-once.js:15
[    1214ms] [WARNING] Image with src "https://images.unsplash.com/photo-1596040033229-a9821ebd058d?w=500&h=500&fit=crop" has "fill" but is missing "sizes" prop. Please add it to improve page performance. Read more: https://nextjs.org/docs/api-reference/next/image#sizes @ webpack-internal:///(app-pages-browser)/./node_modules/next/dist/shared/lib/utils/warn-once.js:15
[    1536ms] [WARNING] Image with src "/images/categories/blended-spices.png" has "fill" but is missing "sizes" prop. Please add it to improve page performance. Read more: https://nextjs.org/docs/api-reference/next/image#sizes @ webpack-internal:///(app-pages-browser)/./node_modules/next/dist/shared/lib/utils/warn-once.js:15
[    1547ms] [WARNING] Image with src "/images/categories/whole-spices.png" has "fill" but is missing "sizes" prop. Please add it to improve page performance. Read more: https://nextjs.org/docs/api-reference/next/image#sizes @ webpack-internal:///(app-pages-browser)/./node_modules/next/dist/shared/lib/utils/warn-once.js:15
[    1862ms] [WARNING] Image with src "/images/categories/ready-mixes.png" has "fill" but is missing "sizes" prop. Please add it to improve page performance. Read more: https://nextjs.org/docs/api-reference/next/image#sizes @ webpack-internal:///(app-pages-browser)/./node_modules/next/dist/shared/lib/utils/warn-once.js:15
[    2521ms] [WARNING] Image with src "https://images.unsplash.com/photo-1586201375761-83865001e31c?w=600&h=400&fit=crop" was detected as the Largest Contentful Paint (LCP). Please add the "priority" property if this image is above the fold.
Read more: https://nextjs.org/docs/api-reference/next/image#priority @ webpack-internal:///(app-pages-browser)/./node_modules/next/dist/shared/lib/utils/warn-once.js:15
[   13304ms] [ERROR] Failed to load resource: the server responded with a status of 404 (Not Found) @ http://localhost:3000/_next/image?url=https%3A%2F%2Fimages.unsplash.com%2Fphoto-1607672632458-9eb56696346a%3Fw%3D1600%26h%3D900%26fit%3Dcrop&w=3840&q=75:0
[   31338ms] [ERROR] Failed to load resource: the server responded with a status of 404 (Not Found) @ http://localhost:3000/_next/image?url=https%3A%2F%2Fimages.unsplash.com%2Fphoto-1607672632458-9eb56696346a%3Fw%3D1600%26h%3D900%26fit%3Dcrop&w=3840&q=75:0
[   33637ms] [ERROR] Failed to load resource: the server responded with a status of 404 (Not Found) @ http://localhost:3000/_next/image?url=https%3A%2F%2Fimages.unsplash.com%2Fphoto-1607672632458-9eb56696346a%3Fw%3D1600%26h%3D900%26fit%3Dcrop&w=2048&q=75:0
[   33744ms] [ERROR] Failed to load resource: the server responded with a status of 404 (Not Found) @ http://localhost:3000/_next/image?url=https%3A%2F%2Fimages.unsplash.com%2Fphoto-1607672632458-9eb56696346a%3Fw%3D1600%26h%3D900%26fit%3Dcrop&w=1920&q=75:0
[   36586ms] [ERROR] Failed to load resource: the server responded with a status of 404 (Not Found) @ http://localhost:3000/_next/image?url=https%3A%2F%2Fimages.unsplash.com%2Fphoto-1607672632458-9eb56696346a%3Fw%3D1600%26h%3D900%26fit%3Dcrop&w=2048&q=75:0
[   36679ms] [ERROR] Failed to load resource: the server responded with a status of 404 (Not Found) @ http://localhost:3000/_next/image?url=https%3A%2F%2Fimages.unsplash.com%2Fphoto-1607672632458-9eb56696346a%3Fw%3D1600%26h%3D900%26fit%3Dcrop&w=3840&q=75:0
[   49328ms] [ERROR] Failed to load resource: the server responded with a status of 404 (Not Found) @ http://localhost:3000/_next/image?url=https%3A%2F%2Fimages.unsplash.com%2Fphoto-1607672632458-9eb56696346a%3Fw%3D1600%26h%3D900%26fit%3Dcrop&w=3840&q=75:0
[   67374ms] [ERROR] Failed to load resource: the server responded with a status of 404 (Not Found) @ http://localhost:3000/_next/image?url=https%3A%2F%2Fimages.unsplash.com%2Fphoto-1607672632458-9eb56696346a%3Fw%3D1600%26h%3D900%26fit%3Dcrop&w=3840&q=75:0
[   84373ms] [INFO] %cDownload the React DevTools for a better development experience: https://react.dev/link/react-devtools font-weight:bold @ webpack-internal:///(app-pages-browser)/./node_modules/next/dist/compiled/react-dom/cjs/react-dom-client.development.js:25630
[   84514ms] [WARNING] Image with src "https://images.unsplash.com/photo-1586201375761-83865001e31c?w=600&h=400&fit=crop" has "fill" but is missing "sizes" prop. Please add it to improve page performance. Read more: https://nextjs.org/docs/api-reference/next/image#sizes @ webpack-internal:///(app-pages-browser)/./node_modules/next/dist/shared/lib/utils/warn-once.js:15
[   84517ms] [WARNING] Image with src "https://images.unsplash.com/photo-1596040033229-a9821ebd058d?w=600&h=400&fit=crop" has "fill" but is missing "sizes" prop. Please add it to improve page performance. Read more: https://nextjs.org/docs/api-reference/next/image#sizes @ webpack-internal:///(app-pages-browser)/./node_modules/next/dist/shared/lib/utils/warn-once.js:15
[   84520ms] [WARNING] Image with src "https://images.unsplash.com/photo-1596040033229-a9821ebd058d?w=500&h=500&fit=crop" has "fill" but is missing "sizes" prop. Please add it to improve page performance. Read more: https://nextjs.org/docs/api-reference/next/image#sizes @ webpack-internal:///(app-pages-browser)/./node_modules/next/dist/shared/lib/utils/warn-once.js:15
[   84872ms] [WARNING] Image with src "/images/categories/blended-spices.png" has "fill" but is missing "sizes" prop. Please add it to improve page performance. Read more: https://nextjs.org/docs/api-reference/next/image#sizes @ webpack-internal:///(app-pages-browser)/./node_modules/next/dist/shared/lib/utils/warn-once.js:15
[   84898ms] [WARNING] Image with src "/images/categories/ready-mixes.png" has "fill" but is missing "sizes" prop. Please add it to improve page performance. Read more: https://nextjs.org/docs/api-reference/next/image#sizes @ webpack-internal:///(app-pages-browser)/./node_modules/next/dist/shared/lib/utils/warn-once.js:15
[   84903ms] [WARNING] Image with src "/images/categories/whole-spices.png" has "fill" but is missing "sizes" prop. Please add it to improve page performance. Read more: https://nextjs.org/docs/api-reference/next/image#sizes @ webpack-internal:///(app-pages-browser)/./node_modules/next/dist/shared/lib/utils/warn-once.js:15
[   91172ms] [WARNING] Detected `scroll-behavior: smooth` on the `<html>` element. In a future version, Next.js will no longer automatically disable smooth scrolling during route transitions. To prepare for this change, add `data-scroll-behavior="smooth"` to your <html> element. Learn more: https://nextjs.org/docs/messages/missing-data-scroll-behavior @ webpack-internal:///(app-pages-browser)/./node_modules/next/dist/shared/lib/utils/warn-once.js:15
[   91187ms] [WARNING] Image with src "/logo.png" has either width or height modified, but not the other. If you use CSS to change the size of your image, also include the styles 'width: "auto"' or 'height: "auto"' to maintain the aspect ratio. @ webpack-internal:///(app-pages-browser)/./node_modules/next/dist/shared/lib/utils/warn-once.js:15
[  114747ms] [ERROR] Failed to load resource: the server responded with a status of 404 (Not Found) @ http://localhost:3000/_next/image?url=https%3A%2F%2Fimages.unsplash.com%2Fphoto-1607672632458-9eb56696346a%3Fw%3D1600%26h%3D900%26fit%3Dcrop&w=3840&q=75:0
[  132779ms] [ERROR] Failed to load resource: the server responded with a status of 404 (Not Found) @ http://localhost:3000/_next/image?url=https%3A%2F%2Fimages.unsplash.com%2Fphoto-1607672632458-9eb56696346a%3Fw%3D1600%26h%3D900%26fit%3Dcrop&w=3840&q=75:0
[  150842ms] [ERROR] Failed to load resource: the server responded with a status of 404 (Not Found) @ http://localhost:3000/_next/image?url=https%3A%2F%2Fimages.unsplash.com%2Fphoto-1607672632458-9eb56696346a%3Fw%3D1600%26h%3D900%26fit%3Dcrop&w=3840&q=75:0
[  168764ms] [ERROR] Failed to load resource: the server responded with a status of 404 (Not Found) @ http://localhost:3000/_next/image?url=https%3A%2F%2Fimages.unsplash.com%2Fphoto-1607672632458-9eb56696346a%3Fw%3D1600%26h%3D900%26fit%3Dcrop&w=3840&q=75:0
[  186829ms] [ERROR] Failed to load resource: the server responded with a status of 404 (Not Found) @ http://localhost:3000/_next/image?url=https%3A%2F%2Fimages.unsplash.com%2Fphoto-1607672632458-9eb56696346a%3Fw%3D1600%26h%3D900%26fit%3Dcrop&w=3840&q=75:0
[  204779ms] [ERROR] Failed to load resource: the server responded with a status of 404 (Not Found) @ http://localhost:3000/_next/image?url=https%3A%2F%2Fimages.unsplash.com%2Fphoto-1607672632458-9eb56696346a%3Fw%3D1600%26h%3D900%26fit%3Dcrop&w=3840&q=75:0
[  223555ms] [ERROR] Failed to load resource: the server responded with a status of 404 (Not Found) @ http://localhost:3000/_next/image?url=https%3A%2F%2Fimages.unsplash.com%2Fphoto-1607672632458-9eb56696346a%3Fw%3D1600%26h%3D900%26fit%3Dcrop&w=3840&q=75:0
[  240839ms] [ERROR] Failed to load resource: the server responded with a status of 404 (Not Found) @ http://localhost:3000/_next/image?url=https%3A%2F%2Fimages.unsplash.com%2Fphoto-1607672632458-9eb56696346a%3Fw%3D1600%26h%3D900%26fit%3Dcrop&w=3840&q=75:0
[  258828ms] [ERROR] Failed to load resource: the server responded with a status of 404 (Not Found) @ http://localhost:3000/_next/image?url=https%3A%2F%2Fimages.unsplash.com%2Fphoto-1607672632458-9eb56696346a%3Fw%3D1600%26h%3D900%26fit%3Dcrop&w=3840&q=75:0
[  276815ms] [ERROR] Failed to load resource: the server responded with a status of 404 (Not Found) @ http://localhost:3000/_next/image?url=https%3A%2F%2Fimages.unsplash.com%2Fphoto-1607672632458-9eb56696346a%3Fw%3D1600%26h%3D900%26fit%3Dcrop&w=3840&q=75:0
[  294785ms] [ERROR] Failed to load resource: the server responded with a status of 404 (Not Found) @ http://localhost:3000/_next/image?url=https%3A%2F%2Fimages.unsplash.com%2Fphoto-1607672632458-9eb56696346a%3Fw%3D1600%26h%3D900%26fit%3Dcrop&w=3840&q=75:0
[  312787ms] [ERROR] Failed to load resource: the server responded with a status of 404 (Not Found) @ http://localhost:3000/_next/image?url=https%3A%2F%2Fimages.unsplash.com%2Fphoto-1607672632458-9eb56696346a%3Fw%3D1600%26h%3D900%26fit%3Dcrop&w=3840&q=75:0
[  330781ms] [ERROR] Failed to load resource: the server responded with a status of 404 (Not Found) @ http://localhost:3000/_next/image?url=https%3A%2F%2Fimages.unsplash.com%2Fphoto-1607672632458-9eb56696346a%3Fw%3D1600%26h%3D900%26fit%3Dcrop&w=3840&q=75:0
[  348852ms] [ERROR] Failed to load resource: the server responded with a status of 404 (Not Found) @ http://localhost:3000/_next/image?url=https%3A%2F%2Fimages.unsplash.com%2Fphoto-1607672632458-9eb56696346a%3Fw%3D1600%26h%3D900%26fit%3Dcrop&w=3840&q=75:0
[  366799ms] [ERROR] Failed to load resource: the server responded with a status of 404 (Not Found) @ http://localhost:3000/_next/image?url=https%3A%2F%2Fimages.unsplash.com%2Fphoto-1607672632458-9eb56696346a%3Fw%3D1600%26h%3D900%26fit%3Dcrop&w=3840&q=75:0
[  384787ms] [ERROR] Failed to load resource: the server responded with a status of 404 (Not Found) @ http://localhost:3000/_next/image?url=https%3A%2F%2Fimages.unsplash.com%2Fphoto-1607672632458-9eb56696346a%3Fw%3D1600%26h%3D900%26fit%3Dcrop&w=3840&q=75:0
[  402758ms] [ERROR] Failed to load resource: the server responded with a status of 404 (Not Found) @ http://localhost:3000/_next/image?url=https%3A%2F%2Fimages.unsplash.com%2Fphoto-1607672632458-9eb56696346a%3Fw%3D1600%26h%3D900%26fit%3Dcrop&w=3840&q=75:0
[  420767ms] [ERROR] Failed to load resource: the server responded with a status of 404 (Not Found) @ http://localhost:3000/_next/image?url=https%3A%2F%2Fimages.unsplash.com%2Fphoto-1607672632458-9eb56696346a%3Fw%3D1600%26h%3D900%26fit%3Dcrop&w=3840&q=75:0
[  438801ms] [ERROR] Failed to load resource: the server responded with a status of 404 (Not Found) @ http://localhost:3000/_next/image?url=https%3A%2F%2Fimages.unsplash.com%2Fphoto-1607672632458-9eb56696346a%3Fw%3D1600%26h%3D900%26fit%3Dcrop&w=3840&q=75:0
[  456760ms] [ERROR] Failed to load resource: the server responded with a status of 404 (Not Found) @ http://localhost:3000/_next/image?url=https%3A%2F%2Fimages.unsplash.com%2Fphoto-1607672632458-9eb56696346a%3Fw%3D1600%26h%3D900%26fit%3Dcrop&w=3840&q=75:0
[  474842ms] [ERROR] Failed to load resource: the server responded with a status of 404 (Not Found) @ http://localhost:3000/_next/image?url=https%3A%2F%2Fimages.unsplash.com%2Fphoto-1607672632458-9eb56696346a%3Fw%3D1600%26h%3D900%26fit%3Dcrop&w=3840&q=75:0
[  492822ms] [ERROR] Failed to load resource: the server responded with a status of 404 (Not Found) @ http://localhost:3000/_next/image?url=https%3A%2F%2Fimages.unsplash.com%2Fphoto-1607672632458-9eb56696346a%3Fw%3D1600%26h%3D900%26fit%3Dcrop&w=3840&q=75:0
[  510837ms] [ERROR] Failed to load resource: the server responded with a status of 404 (Not Found) @ http://localhost:3000/_next/image?url=https%3A%2F%2Fimages.unsplash.com%2Fphoto-1607672632458-9eb56696346a%3Fw%3D1600%26h%3D900%26fit%3Dcrop&w=3840&q=75:0
[  529550ms] [ERROR] Failed to load resource: the server responded with a status of 404 (Not Found) @ http://localhost:3000/_next/image?url=https%3A%2F%2Fimages.unsplash.com%2Fphoto-1607672632458-9eb56696346a%3Fw%3D1600%26h%3D900%26fit%3Dcrop&w=3840&q=75:0
[  546935ms] [ERROR] Failed to load resource: the server responded with a status of 404 (Not Found) @ http://localhost:3000/_next/image?url=https%3A%2F%2Fimages.unsplash.com%2Fphoto-1607672632458-9eb56696346a%3Fw%3D1600%26h%3D900%26fit%3Dcrop&w=3840&q=75:0
[  564784ms] [ERROR] Failed to load resource: the server responded with a status of 404 (Not Found) @ http://localhost:3000/_next/image?url=https%3A%2F%2Fimages.unsplash.com%2Fphoto-1607672632458-9eb56696346a%3Fw%3D1600%26h%3D900%26fit%3Dcrop&w=3840&q=75:0
[  567333ms] [LOG] [Fast Refresh] rebuilding @ webpack-internal:///(app-pages-browser)/./node_modules/next/dist/client/dev/hot-reloader/app/hot-reloader-app.js:196
[  570551ms] [LOG] [Fast Refresh] done in 3219ms @ webpack-internal:///(app-pages-browser)/./node_modules/next/dist/client/dev/report-hmr-latency.js:13
[  582789ms] [ERROR] Failed to load resource: the server responded with a status of 404 (Not Found) @ http://localhost:3000/_next/image?url=https%3A%2F%2Fimages.unsplash.com%2Fphoto-1607672632458-9eb56696346a%3Fw%3D1600%26h%3D900%26fit%3Dcrop&w=3840&q=75:0
[  600923ms] [ERROR] Failed to load resource: the server responded with a status of 404 (Not Found) @ http://localhost:3000/_next/image?url=https%3A%2F%2Fimages.unsplash.com%2Fphoto-1607672632458-9eb56696346a%3Fw%3D1600%26h%3D900%26fit%3Dcrop&w=3840&q=75:0
[  618816ms] [ERROR] Failed to load resource: the server responded with a status of 404 (Not Found) @ http://localhost:3000/_next/image?url=https%3A%2F%2Fimages.unsplash.com%2Fphoto-1607672632458-9eb56696346a%3Fw%3D1600%26h%3D900%26fit%3Dcrop&w=3840&q=75:0
[  636831ms] [ERROR] Failed to load resource: the server responded with a status of 404 (Not Found) @ http://localhost:3000/_next/image?url=https%3A%2F%2Fimages.unsplash.com%2Fphoto-1607672632458-9eb56696346a%3Fw%3D1600%26h%3D900%26fit%3Dcrop&w=3840&q=75:0
[  654840ms] [ERROR] Failed to load resource: the server responded with a status of 404 (Not Found) @ http://localhost:3000/_next/image?url=https%3A%2F%2Fimages.unsplash.com%2Fphoto-1607672632458-9eb56696346a%3Fw%3D1600%26h%3D900%26fit%3Dcrop&w=3840&q=75:0
[  672748ms] [ERROR] Failed to load resource: the server responded with a status of 404 (Not Found) @ http://localhost:3000/_next/image?url=https%3A%2F%2Fimages.unsplash.com%2Fphoto-1607672632458-9eb56696346a%3Fw%3D1600%26h%3D900%26fit%3Dcrop&w=3840&q=75:0
[  690823ms] [ERROR] Failed to load resource: the server responded with a status of 404 (Not Found) @ http://localhost:3000/_next/image?url=https%3A%2F%2Fimages.unsplash.com%2Fphoto-1607672632458-9eb56696346a%3Fw%3D1600%26h%3D900%26fit%3Dcrop&w=3840&q=75:0
[  708830ms] [ERROR] Failed to load resource: the server responded with a status of 404 (Not Found) @ http://localhost:3000/_next/image?url=https%3A%2F%2Fimages.unsplash.com%2Fphoto-1607672632458-9eb56696346a%3Fw%3D1600%26h%3D900%26fit%3Dcrop&w=3840&q=75:0
[  726891ms] [ERROR] Failed to load resource: the server responded with a status of 404 (Not Found) @ http://localhost:3000/_next/image?url=https%3A%2F%2Fimages.unsplash.com%2Fphoto-1607672632458-9eb56696346a%3Fw%3D1600%26h%3D900%26fit%3Dcrop&w=3840&q=75:0
[  739427ms] [INFO] %cDownload the React DevTools for a better development experience: https://react.dev/link/react-devtools font-weight:bold @ webpack-internal:///(app-pages-browser)/./node_modules/next/dist/compiled/react-dom/cjs/react-dom-client.development.js:25630
[  739665ms] [WARNING] Image with src "https://images.unsplash.com/photo-1586201375761-83865001e31c?w=600&h=400&fit=crop" has "fill" but is missing "sizes" prop. Please add it to improve page performance. Read more: https://nextjs.org/docs/api-reference/next/image#sizes @ webpack-internal:///(app-pages-browser)/./node_modules/next/dist/shared/lib/utils/warn-once.js:15
[  739670ms] [WARNING] Image with src "https://images.unsplash.com/photo-1596040033229-a9821ebd058d?w=600&h=400&fit=crop" has "fill" but is missing "sizes" prop. Please add it to improve page performance. Read more: https://nextjs.org/docs/api-reference/next/image#sizes @ webpack-internal:///(app-pages-browser)/./node_modules/next/dist/shared/lib/utils/warn-once.js:15
[  739676ms] [WARNING] Image with src "https://images.unsplash.com/photo-1596040033229-a9821ebd058d?w=500&h=500&fit=crop" has "fill" but is missing "sizes" prop. Please add it to improve page performance. Read more: https://nextjs.org/docs/api-reference/next/image#sizes @ webpack-internal:///(app-pages-browser)/./node_modules/next/dist/shared/lib/utils/warn-once.js:15
[  739676ms] [WARNING] Image with src "/logo.png" has either width or height modified, but not the other. If you use CSS to change the size of your image, also include the styles 'width: "auto"' or 'height: "auto"' to maintain the aspect ratio. @ webpack-internal:///(app-pages-browser)/./node_modules/next/dist/shared/lib/utils/warn-once.js:15
[  740492ms] [WARNING] Image with src "/images/categories/ready-mixes.png" has "fill" but is missing "sizes" prop. Please add it to improve page performance. Read more: https://nextjs.org/docs/api-reference/next/image#sizes @ webpack-internal:///(app-pages-browser)/./node_modules/next/dist/shared/lib/utils/warn-once.js:15
[  740494ms] [WARNING] Image with src "/images/categories/blended-spices.png" has "fill" but is missing "sizes" prop. Please add it to improve page performance. Read more: https://nextjs.org/docs/api-reference/next/image#sizes @ webpack-internal:///(app-pages-browser)/./node_modules/next/dist/shared/lib/utils/warn-once.js:15
[  740505ms] [WARNING] Image with src "/images/categories/whole-spices.png" has "fill" but is missing "sizes" prop. Please add it to improve page performance. Read more: https://nextjs.org/docs/api-reference/next/image#sizes @ webpack-internal:///(app-pages-browser)/./node_modules/next/dist/shared/lib/utils/warn-once.js:15
