[    1022ms] [INFO] %cDownload the React DevTools for a better development experience: https://react.dev/link/react-devtools font-weight:bold @ webpack-internal:///(app-pages-browser)/./node_modules/next/dist/compiled/react-dom/cjs/react-dom-client.development.js:25630
[    1172ms] [ERROR] Failed to load resource: the server responded with a status of 404 (Not Found) @ http://localhost:3000/favicon.ico:0
[    1253ms] [WARNING] Image with src "https://images.unsplash.com/photo-1540420773420-3366772f4999?w=600&h=400&fit=crop" has "fill" but is missing "sizes" prop. Please add it to improve page performance. Read more: https://nextjs.org/docs/api-reference/next/image#sizes @ webpack-internal:///(app-pages-browser)/./node_modules/next/dist/shared/lib/utils/warn-once.js:15
[    1256ms] [WARNING] Image with src "https://images.unsplash.com/photo-1464965911861-746a04b4bca6?w=600&h=400&fit=crop" has "fill" but is missing "sizes" prop. Please add it to improve page performance. Read more: https://nextjs.org/docs/api-reference/next/image#sizes @ webpack-internal:///(app-pages-browser)/./node_modules/next/dist/shared/lib/utils/warn-once.js:15
[    1257ms] [WARNING] Image with src "https://images.unsplash.com/photo-1593105544559-ecb03bf76f82?w=400&h=400&fit=crop" has "fill" but is missing "sizes" prop. Please add it to improve page performance. Read more: https://nextjs.org/docs/api-reference/next/image#sizes @ webpack-internal:///(app-pages-browser)/./node_modules/next/dist/shared/lib/utils/warn-once.js:15
[    1259ms] [WARNING] Image with src "https://images.unsplash.com/photo-1603048297172-c92544798d5a?w=400&h=400&fit=crop" has "fill" but is missing "sizes" prop. Please add it to improve page performance. Read more: https://nextjs.org/docs/api-reference/next/image#sizes @ webpack-internal:///(app-pages-browser)/./node_modules/next/dist/shared/lib/utils/warn-once.js:15
[    1262ms] [WARNING] Image with src "https://images.unsplash.com/photo-1621939514649-280e2ee25f60?w=400&h=400&fit=crop" has "fill" but is missing "sizes" prop. Please add it to improve page performance. Read more: https://nextjs.org/docs/api-reference/next/image#sizes @ webpack-internal:///(app-pages-browser)/./node_modules/next/dist/shared/lib/utils/warn-once.js:15
[    1263ms] [WARNING] Image with src "https://images.unsplash.com/photo-1604503468506-a8da13d82791?w=400&h=400&fit=crop" has "fill" but is missing "sizes" prop. Please add it to improve page performance. Read more: https://nextjs.org/docs/api-reference/next/image#sizes @ webpack-internal:///(app-pages-browser)/./node_modules/next/dist/shared/lib/utils/warn-once.js:15
[    1265ms] [WARNING] Image with src "https://images.unsplash.com/photo-1590779033100-9f60a05a013d?w=400&h=400&fit=crop" has "fill" but is missing "sizes" prop. Please add it to improve page performance. Read more: https://nextjs.org/docs/api-reference/next/image#sizes @ webpack-internal:///(app-pages-browser)/./node_modules/next/dist/shared/lib/utils/warn-once.js:15
[    1266ms] [WARNING] Image with src "https://images.unsplash.com/photo-1610832958506-aa56368176cf?w=400&h=400&fit=crop" has "fill" but is missing "sizes" prop. Please add it to improve page performance. Read more: https://nextjs.org/docs/api-reference/next/image#sizes @ webpack-internal:///(app-pages-browser)/./node_modules/next/dist/shared/lib/utils/warn-once.js:15
[    1267ms] [WARNING] Image with src "https://images.unsplash.com/photo-1534483509719-3feaee7c30da?w=400&h=400&fit=crop" has "fill" but is missing "sizes" prop. Please add it to improve page performance. Read more: https://nextjs.org/docs/api-reference/next/image#sizes @ webpack-internal:///(app-pages-browser)/./node_modules/next/dist/shared/lib/utils/warn-once.js:15
[    1268ms] [WARNING] Image with src "https://images.unsplash.com/photo-1563729784474-d77dbb933a9e?w=400&h=400&fit=crop" has "fill" but is missing "sizes" prop. Please add it to improve page performance. Read more: https://nextjs.org/docs/api-reference/next/image#sizes @ webpack-internal:///(app-pages-browser)/./node_modules/next/dist/shared/lib/utils/warn-once.js:15
[    1270ms] [WARNING] Image with src "https://images.unsplash.com/photo-1574943320219-553eb213f72d?w=400&h=400&fit=crop" has "fill" but is missing "sizes" prop. Please add it to improve page performance. Read more: https://nextjs.org/docs/api-reference/next/image#sizes @ webpack-internal:///(app-pages-browser)/./node_modules/next/dist/shared/lib/utils/warn-once.js:15
[    1272ms] [WARNING] Image with src "https://images.unsplash.com/photo-1625772299848-391b6a87d7b3?w=400&h=400&fit=crop" has "fill" but is missing "sizes" prop. Please add it to improve page performance. Read more: https://nextjs.org/docs/api-reference/next/image#sizes @ webpack-internal:///(app-pages-browser)/./node_modules/next/dist/shared/lib/utils/warn-once.js:15
[    1681ms] [WARNING] Image with src "https://images.unsplash.com/photo-1523049673857-eb18f1d7b578?w=400&h=400&fit=crop" has "fill" but is missing "sizes" prop. Please add it to improve page performance. Read more: https://nextjs.org/docs/api-reference/next/image#sizes @ webpack-internal:///(app-pages-browser)/./node_modules/next/dist/shared/lib/utils/warn-once.js:15
[    1683ms] [WARNING] Image with src "https://images.unsplash.com/photo-1598170845058-32b9d6a5da37?w=400&h=400&fit=crop" has "fill" but is missing "sizes" prop. Please add it to improve page performance. Read more: https://nextjs.org/docs/api-reference/next/image#sizes @ webpack-internal:///(app-pages-browser)/./node_modules/next/dist/shared/lib/utils/warn-once.js:15
[    1685ms] [WARNING] Image with src "https://images.unsplash.com/photo-1566478989037-eec170784d0b?w=400&h=400&fit=crop" has "fill" but is missing "sizes" prop. Please add it to improve page performance. Read more: https://nextjs.org/docs/api-reference/next/image#sizes @ webpack-internal:///(app-pages-browser)/./node_modules/next/dist/shared/lib/utils/warn-once.js:15
[    1686ms] [WARNING] Image with src "https://images.unsplash.com/photo-1563636619-e9143da7973b?w=400&h=400&fit=crop" has "fill" but is missing "sizes" prop. Please add it to improve page performance. Read more: https://nextjs.org/docs/api-reference/next/image#sizes @ webpack-internal:///(app-pages-browser)/./node_modules/next/dist/shared/lib/utils/warn-once.js:15
[    1732ms] [ERROR] Failed to load resource: the server responded with a status of 404 (Not Found) @ http://localhost:3000/_next/image?url=https%3A%2F%2Fimages.unsplash.com%2Fphoto-1474979266404-7f28235f7e2e%3Fw%3D120%26h%3D120%26fit%3Dcrop&w=96&q=75:0
[    1767ms] [ERROR] Failed to load resource: the server responded with a status of 404 (Not Found) @ http://localhost:3000/_next/image?url=https%3A%2F%2Fimages.unsplash.com%2Fphoto-1629828874514-c1e5103f2100%3Fw%3D120%26h%3D120%26fit%3Dcrop&w=96&q=75:0
[    3083ms] [ERROR] Failed to load resource: the server responded with a status of 404 (Not Found) @ http://localhost:3000/_next/image?url=https%3A%2F%2Fimages.unsplash.com%2Fphoto-1474979266404-7f28235f7e2e%3Fw%3D400%26h%3D400%26fit%3Dcrop&w=3840&q=75:0
[   14117ms] [ERROR] Failed to load resource: the server responded with a status of 404 (Not Found) @ http://localhost:3000/_next/image?url=https%3A%2F%2Fimages.unsplash.com%2Fphoto-1506484381205-f7945b68db56%3Fw%3D1600%26h%3D900%26fit%3Dcrop&w=3840&q=75:0
[   31454ms] [ERROR] Failed to load resource: the server responded with a status of 404 (Not Found) @ http://localhost:3000/_next/image?url=https%3A%2F%2Fimages.unsplash.com%2Fphoto-1506484381205-f7945b68db56%3Fw%3D1600%26h%3D900%26fit%3Dcrop&w=3840&q=75:0
[   49674ms] [ERROR] Failed to load resource: the server responded with a status of 404 (Not Found) @ http://localhost:3000/_next/image?url=https%3A%2F%2Fimages.unsplash.com%2Fphoto-1506484381205-f7945b68db56%3Fw%3D1600%26h%3D900%26fit%3Dcrop&w=3840&q=75:0
[   67541ms] [ERROR] Failed to load resource: the server responded with a status of 404 (Not Found) @ http://localhost:3000/_next/image?url=https%3A%2F%2Fimages.unsplash.com%2Fphoto-1506484381205-f7945b68db56%3Fw%3D1600%26h%3D900%26fit%3Dcrop&w=3840&q=75:0
[   85636ms] [ERROR] Failed to load resource: the server responded with a status of 404 (Not Found) @ http://localhost:3000/_next/image?url=https%3A%2F%2Fimages.unsplash.com%2Fphoto-1506484381205-f7945b68db56%3Fw%3D1600%26h%3D900%26fit%3Dcrop&w=3840&q=75:0
[  103542ms] [ERROR] Failed to load resource: the server responded with a status of 404 (Not Found) @ http://localhost:3000/_next/image?url=https%3A%2F%2Fimages.unsplash.com%2Fphoto-1506484381205-f7945b68db56%3Fw%3D1600%26h%3D900%26fit%3Dcrop&w=3840&q=75:0
[  122107ms] [ERROR] Failed to load resource: the server responded with a status of 404 (Not Found) @ http://localhost:3000/_next/image?url=https%3A%2F%2Fimages.unsplash.com%2Fphoto-1506484381205-f7945b68db56%3Fw%3D1600%26h%3D900%26fit%3Dcrop&w=3840&q=75:0
[  139633ms] [ERROR] Failed to load resource: the server responded with a status of 404 (Not Found) @ http://localhost:3000/_next/image?url=https%3A%2F%2Fimages.unsplash.com%2Fphoto-1506484381205-f7945b68db56%3Fw%3D1600%26h%3D900%26fit%3Dcrop&w=3840&q=75:0
[  158058ms] [ERROR] Failed to load resource: the server responded with a status of 404 (Not Found) @ http://localhost:3000/_next/image?url=https%3A%2F%2Fimages.unsplash.com%2Fphoto-1506484381205-f7945b68db56%3Fw%3D1600%26h%3D900%26fit%3Dcrop&w=3840&q=75:0
[  175507ms] [ERROR] Failed to load resource: the server responded with a status of 404 (Not Found) @ http://localhost:3000/_next/image?url=https%3A%2F%2Fimages.unsplash.com%2Fphoto-1506484381205-f7945b68db56%3Fw%3D1600%26h%3D900%26fit%3Dcrop&w=3840&q=75:0
[  193613ms] [ERROR] Failed to load resource: the server responded with a status of 404 (Not Found) @ http://localhost:3000/_next/image?url=https%3A%2F%2Fimages.unsplash.com%2Fphoto-1506484381205-f7945b68db56%3Fw%3D1600%26h%3D900%26fit%3Dcrop&w=3840&q=75:0
[  212017ms] [ERROR] Failed to load resource: the server responded with a status of 404 (Not Found) @ http://localhost:3000/_next/image?url=https%3A%2F%2Fimages.unsplash.com%2Fphoto-1506484381205-f7945b68db56%3Fw%3D1600%26h%3D900%26fit%3Dcrop&w=3840&q=75:0
[  229608ms] [ERROR] Failed to load resource: the server responded with a status of 404 (Not Found) @ http://localhost:3000/_next/image?url=https%3A%2F%2Fimages.unsplash.com%2Fphoto-1506484381205-f7945b68db56%3Fw%3D1600%26h%3D900%26fit%3Dcrop&w=3840&q=75:0
[  247620ms] [ERROR] Failed to load resource: the server responded with a status of 404 (Not Found) @ http://localhost:3000/_next/image?url=https%3A%2F%2Fimages.unsplash.com%2Fphoto-1506484381205-f7945b68db56%3Fw%3D1600%26h%3D900%26fit%3Dcrop&w=3840&q=75:0
[  266023ms] [ERROR] Failed to load resource: the server responded with a status of 404 (Not Found) @ http://localhost:3000/_next/image?url=https%3A%2F%2Fimages.unsplash.com%2Fphoto-1506484381205-f7945b68db56%3Fw%3D1600%26h%3D900%26fit%3Dcrop&w=3840&q=75:0
[  284753ms] [ERROR] Failed to load resource: the server responded with a status of 404 (Not Found) @ http://localhost:3000/_next/image?url=https%3A%2F%2Fimages.unsplash.com%2Fphoto-1506484381205-f7945b68db56%3Fw%3D1600%26h%3D900%26fit%3Dcrop&w=3840&q=75:0
[  301596ms] [ERROR] Failed to load resource: the server responded with a status of 404 (Not Found) @ http://localhost:3000/_next/image?url=https%3A%2F%2Fimages.unsplash.com%2Fphoto-1506484381205-f7945b68db56%3Fw%3D1600%26h%3D900%26fit%3Dcrop&w=3840&q=75:0
[  320194ms] [ERROR] Failed to load resource: the server responded with a status of 404 (Not Found) @ http://localhost:3000/_next/image?url=https%3A%2F%2Fimages.unsplash.com%2Fphoto-1506484381205-f7945b68db56%3Fw%3D1600%26h%3D900%26fit%3Dcrop&w=3840&q=75:0
[  337728ms] [ERROR] Failed to load resource: the server responded with a status of 404 (Not Found) @ http://localhost:3000/_next/image?url=https%3A%2F%2Fimages.unsplash.com%2Fphoto-1506484381205-f7945b68db56%3Fw%3D1600%26h%3D900%26fit%3Dcrop&w=3840&q=75:0
[  355605ms] [ERROR] Failed to load resource: the server responded with a status of 404 (Not Found) @ http://localhost:3000/_next/image?url=https%3A%2F%2Fimages.unsplash.com%2Fphoto-1506484381205-f7945b68db56%3Fw%3D1600%26h%3D900%26fit%3Dcrop&w=3840&q=75:0
[  373661ms] [ERROR] Failed to load resource: the server responded with a status of 404 (Not Found) @ http://localhost:3000/_next/image?url=https%3A%2F%2Fimages.unsplash.com%2Fphoto-1506484381205-f7945b68db56%3Fw%3D1600%26h%3D900%26fit%3Dcrop&w=3840&q=75:0
[  391641ms] [ERROR] Failed to load resource: the server responded with a status of 404 (Not Found) @ http://localhost:3000/_next/image?url=https%3A%2F%2Fimages.unsplash.com%2Fphoto-1506484381205-f7945b68db56%3Fw%3D1600%26h%3D900%26fit%3Dcrop&w=3840&q=75:0
[  409675ms] [ERROR] Failed to load resource: the server responded with a status of 404 (Not Found) @ http://localhost:3000/_next/image?url=https%3A%2F%2Fimages.unsplash.com%2Fphoto-1506484381205-f7945b68db56%3Fw%3D1600%26h%3D900%26fit%3Dcrop&w=3840&q=75:0
[  427610ms] [ERROR] Failed to load resource: the server responded with a status of 404 (Not Found) @ http://localhost:3000/_next/image?url=https%3A%2F%2Fimages.unsplash.com%2Fphoto-1506484381205-f7945b68db56%3Fw%3D1600%26h%3D900%26fit%3Dcrop&w=3840&q=75:0
[  445670ms] [ERROR] Failed to load resource: the server responded with a status of 404 (Not Found) @ http://localhost:3000/_next/image?url=https%3A%2F%2Fimages.unsplash.com%2Fphoto-1506484381205-f7945b68db56%3Fw%3D1600%26h%3D900%26fit%3Dcrop&w=3840&q=75:0
[  463623ms] [ERROR] Failed to load resource: the server responded with a status of 404 (Not Found) @ http://localhost:3000/_next/image?url=https%3A%2F%2Fimages.unsplash.com%2Fphoto-1506484381205-f7945b68db56%3Fw%3D1600%26h%3D900%26fit%3Dcrop&w=3840&q=75:0
[  481581ms] [ERROR] Failed to load resource: the server responded with a status of 404 (Not Found) @ http://localhost:3000/_next/image?url=https%3A%2F%2Fimages.unsplash.com%2Fphoto-1506484381205-f7945b68db56%3Fw%3D1600%26h%3D900%26fit%3Dcrop&w=3840&q=75:0
[  501916ms] [ERROR] Failed to load resource: the server responded with a status of 404 (Not Found) @ http://localhost:3000/_next/image?url=https%3A%2F%2Fimages.unsplash.com%2Fphoto-1506484381205-f7945b68db56%3Fw%3D1600%26h%3D900%26fit%3Dcrop&w=3840&q=75:0
[  517669ms] [ERROR] Failed to load resource: the server responded with a status of 404 (Not Found) @ http://localhost:3000/_next/image?url=https%3A%2F%2Fimages.unsplash.com%2Fphoto-1506484381205-f7945b68db56%3Fw%3D1600%26h%3D900%26fit%3Dcrop&w=3840&q=75:0
[  530119ms] [WARNING] Image with src "https://images.unsplash.com/photo-1464965911861-746a04b4bca6?w=400&h=400&fit=crop" has "fill" but is missing "sizes" prop. Please add it to improve page performance. Read more: https://nextjs.org/docs/api-reference/next/image#sizes @ webpack-internal:///(app-pages-browser)/./node_modules/next/dist/shared/lib/utils/warn-once.js:15
[  530122ms] [WARNING] Image with src "https://images.unsplash.com/photo-1587593810167-a84920ea0781?w=400&h=400&fit=crop" has "fill" but is missing "sizes" prop. Please add it to improve page performance. Read more: https://nextjs.org/docs/api-reference/next/image#sizes @ webpack-internal:///(app-pages-browser)/./node_modules/next/dist/shared/lib/utils/warn-once.js:15
[  530124ms] [WARNING] Image with src "https://images.unsplash.com/photo-1570197571499-166b36435e9f?w=400&h=400&fit=crop" has "fill" but is missing "sizes" prop. Please add it to improve page performance. Read more: https://nextjs.org/docs/api-reference/next/image#sizes @ webpack-internal:///(app-pages-browser)/./node_modules/next/dist/shared/lib/utils/warn-once.js:15
[  530132ms] [WARNING] Image with src "https://images.unsplash.com/photo-1449300079323-02e209d9d3a6?w=400&h=400&fit=crop" has "fill" but is missing "sizes" prop. Please add it to improve page performance. Read more: https://nextjs.org/docs/api-reference/next/image#sizes @ webpack-internal:///(app-pages-browser)/./node_modules/next/dist/shared/lib/utils/warn-once.js:15
[  530133ms] [WARNING] Image with src "https://images.unsplash.com/photo-1542838132-92c53300491e?w=400&h=400&fit=crop" has "fill" but is missing "sizes" prop. Please add it to improve page performance. Read more: https://nextjs.org/docs/api-reference/next/image#sizes @ webpack-internal:///(app-pages-browser)/./node_modules/next/dist/shared/lib/utils/warn-once.js:15
[  531364ms] [ERROR] Failed to load resource: the server responded with a status of 404 (Not Found) @ http://localhost:3000/_next/image?url=https%3A%2F%2Fimages.unsplash.com%2Fphoto-1615485500710-aa71060943f4%3Fw%3D400%26h%3D400%26fit%3Dcrop&w=3840&q=75:0
[  531406ms] [WARNING] Image with src "/logo.jpg" has either width or height modified, but not the other. If you use CSS to change the size of your image, also include the styles 'width: "auto"' or 'height: "auto"' to maintain the aspect ratio. @ webpack-internal:///(app-pages-browser)/./node_modules/next/dist/shared/lib/utils/warn-once.js:15
[  535553ms] [ERROR] Failed to load resource: the server responded with a status of 404 (Not Found) @ http://localhost:3000/_next/image?url=https%3A%2F%2Fimages.unsplash.com%2Fphoto-1506484381205-f7945b68db56%3Fw%3D1600%26h%3D900%26fit%3Dcrop&w=3840&q=75:0
[  554446ms] [ERROR] Failed to load resource: the server responded with a status of 404 (Not Found) @ http://localhost:3000/_next/image?url=https%3A%2F%2Fimages.unsplash.com%2Fphoto-1506484381205-f7945b68db56%3Fw%3D1600%26h%3D900%26fit%3Dcrop&w=3840&q=75:0
[  571700ms] [ERROR] Failed to load resource: the server responded with a status of 404 (Not Found) @ http://localhost:3000/_next/image?url=https%3A%2F%2Fimages.unsplash.com%2Fphoto-1506484381205-f7945b68db56%3Fw%3D1600%26h%3D900%26fit%3Dcrop&w=3840&q=75:0
[  589717ms] [ERROR] Failed to load resource: the server responded with a status of 404 (Not Found) @ http://localhost:3000/_next/image?url=https%3A%2F%2Fimages.unsplash.com%2Fphoto-1506484381205-f7945b68db56%3Fw%3D1600%26h%3D900%26fit%3Dcrop&w=3840&q=75:0
[  607671ms] [ERROR] Failed to load resource: the server responded with a status of 404 (Not Found) @ http://localhost:3000/_next/image?url=https%3A%2F%2Fimages.unsplash.com%2Fphoto-1506484381205-f7945b68db56%3Fw%3D1600%26h%3D900%26fit%3Dcrop&w=3840&q=75:0
[  629656ms] [ERROR] Failed to load resource: the server responded with a status of 404 (Not Found) @ http://localhost:3000/_next/image?url=https%3A%2F%2Fimages.unsplash.com%2Fphoto-1506484381205-f7945b68db56%3Fw%3D1600%26h%3D900%26fit%3Dcrop&w=3840&q=75:0
[  643699ms] [ERROR] Failed to load resource: the server responded with a status of 404 (Not Found) @ http://localhost:3000/_next/image?url=https%3A%2F%2Fimages.unsplash.com%2Fphoto-1506484381205-f7945b68db56%3Fw%3D1600%26h%3D900%26fit%3Dcrop&w=3840&q=75:0
[  661610ms] [ERROR] Failed to load resource: the server responded with a status of 404 (Not Found) @ http://localhost:3000/_next/image?url=https%3A%2F%2Fimages.unsplash.com%2Fphoto-1506484381205-f7945b68db56%3Fw%3D1600%26h%3D900%26fit%3Dcrop&w=3840&q=75:0
[  681795ms] [ERROR] Failed to load resource: the server responded with a status of 404 (Not Found) @ http://localhost:3000/_next/image?url=https%3A%2F%2Fimages.unsplash.com%2Fphoto-1506484381205-f7945b68db56%3Fw%3D1600%26h%3D900%26fit%3Dcrop&w=3840&q=75:0
[  697572ms] [ERROR] Failed to load resource: the server responded with a status of 404 (Not Found) @ http://localhost:3000/_next/image?url=https%3A%2F%2Fimages.unsplash.com%2Fphoto-1506484381205-f7945b68db56%3Fw%3D1600%26h%3D900%26fit%3Dcrop&w=3840&q=75:0
[  715693ms] [ERROR] Failed to load resource: the server responded with a status of 404 (Not Found) @ http://localhost:3000/_next/image?url=https%3A%2F%2Fimages.unsplash.com%2Fphoto-1506484381205-f7945b68db56%3Fw%3D1600%26h%3D900%26fit%3Dcrop&w=3840&q=75:0
[  733600ms] [ERROR] Failed to load resource: the server responded with a status of 404 (Not Found) @ http://localhost:3000/_next/image?url=https%3A%2F%2Fimages.unsplash.com%2Fphoto-1506484381205-f7945b68db56%3Fw%3D1600%26h%3D900%26fit%3Dcrop&w=3840&q=75:0
[  751727ms] [ERROR] Failed to load resource: the server responded with a status of 404 (Not Found) @ http://localhost:3000/_next/image?url=https%3A%2F%2Fimages.unsplash.com%2Fphoto-1506484381205-f7945b68db56%3Fw%3D1600%26h%3D900%26fit%3Dcrop&w=3840&q=75:0
[  769714ms] [ERROR] Failed to load resource: the server responded with a status of 404 (Not Found) @ http://localhost:3000/_next/image?url=https%3A%2F%2Fimages.unsplash.com%2Fphoto-1506484381205-f7945b68db56%3Fw%3D1600%26h%3D900%26fit%3Dcrop&w=3840&q=75:0
[  787559ms] [ERROR] Failed to load resource: the server responded with a status of 404 (Not Found) @ http://localhost:3000/_next/image?url=https%3A%2F%2Fimages.unsplash.com%2Fphoto-1506484381205-f7945b68db56%3Fw%3D1600%26h%3D900%26fit%3Dcrop&w=3840&q=75:0
[  805673ms] [ERROR] Failed to load resource: the server responded with a status of 404 (Not Found) @ http://localhost:3000/_next/image?url=https%3A%2F%2Fimages.unsplash.com%2Fphoto-1506484381205-f7945b68db56%3Fw%3D1600%26h%3D900%26fit%3Dcrop&w=3840&q=75:0
[  826114ms] [ERROR] Failed to load resource: the server responded with a status of 404 (Not Found) @ http://localhost:3000/_next/image?url=https%3A%2F%2Fimages.unsplash.com%2Fphoto-1506484381205-f7945b68db56%3Fw%3D1600%26h%3D900%26fit%3Dcrop&w=3840&q=75:0
[  841691ms] [ERROR] Failed to load resource: the server responded with a status of 404 (Not Found) @ http://localhost:3000/_next/image?url=https%3A%2F%2Fimages.unsplash.com%2Fphoto-1506484381205-f7945b68db56%3Fw%3D1600%26h%3D900%26fit%3Dcrop&w=3840&q=75:0
[  861891ms] [ERROR] Failed to load resource: the server responded with a status of 404 (Not Found) @ http://localhost:3000/_next/image?url=https%3A%2F%2Fimages.unsplash.com%2Fphoto-1506484381205-f7945b68db56%3Fw%3D1600%26h%3D900%26fit%3Dcrop&w=3840&q=75:0
[  877614ms] [ERROR] Failed to load resource: the server responded with a status of 404 (Not Found) @ http://localhost:3000/_next/image?url=https%3A%2F%2Fimages.unsplash.com%2Fphoto-1506484381205-f7945b68db56%3Fw%3D1600%26h%3D900%26fit%3Dcrop&w=3840&q=75:0
[  895775ms] [ERROR] Failed to load resource: the server responded with a status of 404 (Not Found) @ http://localhost:3000/_next/image?url=https%3A%2F%2Fimages.unsplash.com%2Fphoto-1506484381205-f7945b68db56%3Fw%3D1600%26h%3D900%26fit%3Dcrop&w=3840&q=75:0
[  913736ms] [ERROR] Failed to load resource: the server responded with a status of 404 (Not Found) @ http://localhost:3000/_next/image?url=https%3A%2F%2Fimages.unsplash.com%2Fphoto-1506484381205-f7945b68db56%3Fw%3D1600%26h%3D900%26fit%3Dcrop&w=3840&q=75:0
[  935010ms] [ERROR] Failed to load resource: the server responded with a status of 404 (Not Found) @ http://localhost:3000/_next/image?url=https%3A%2F%2Fimages.unsplash.com%2Fphoto-1506484381205-f7945b68db56%3Fw%3D1600%26h%3D900%26fit%3Dcrop&w=3840&q=75:0
[  949649ms] [ERROR] Failed to load resource: the server responded with a status of 404 (Not Found) @ http://localhost:3000/_next/image?url=https%3A%2F%2Fimages.unsplash.com%2Fphoto-1506484381205-f7945b68db56%3Fw%3D1600%26h%3D900%26fit%3Dcrop&w=3840&q=75:0
[  967609ms] [ERROR] Failed to load resource: the server responded with a status of 404 (Not Found) @ http://localhost:3000/_next/image?url=https%3A%2F%2Fimages.unsplash.com%2Fphoto-1506484381205-f7945b68db56%3Fw%3D1600%26h%3D900%26fit%3Dcrop&w=3840&q=75:0
[  985706ms] [ERROR] Failed to load resource: the server responded with a status of 404 (Not Found) @ http://localhost:3000/_next/image?url=https%3A%2F%2Fimages.unsplash.com%2Fphoto-1506484381205-f7945b68db56%3Fw%3D1600%26h%3D900%26fit%3Dcrop&w=3840&q=75:0
[ 1003649ms] [ERROR] Failed to load resource: the server responded with a status of 404 (Not Found) @ http://localhost:3000/_next/image?url=https%3A%2F%2Fimages.unsplash.com%2Fphoto-1506484381205-f7945b68db56%3Fw%3D1600%26h%3D900%26fit%3Dcrop&w=3840&q=75:0
[ 1021723ms] [ERROR] Failed to load resource: the server responded with a status of 404 (Not Found) @ http://localhost:3000/_next/image?url=https%3A%2F%2Fimages.unsplash.com%2Fphoto-1506484381205-f7945b68db56%3Fw%3D1600%26h%3D900%26fit%3Dcrop&w=3840&q=75:0
[ 1039614ms] [ERROR] Failed to load resource: the server responded with a status of 404 (Not Found) @ http://localhost:3000/_next/image?url=https%3A%2F%2Fimages.unsplash.com%2Fphoto-1506484381205-f7945b68db56%3Fw%3D1600%26h%3D900%26fit%3Dcrop&w=3840&q=75:0
[ 1057729ms] [ERROR] Failed to load resource: the server responded with a status of 404 (Not Found) @ http://localhost:3000/_next/image?url=https%3A%2F%2Fimages.unsplash.com%2Fphoto-1506484381205-f7945b68db56%3Fw%3D1600%26h%3D900%26fit%3Dcrop&w=3840&q=75:0
[ 1075578ms] [ERROR] Failed to load resource: the server responded with a status of 404 (Not Found) @ http://localhost:3000/_next/image?url=https%3A%2F%2Fimages.unsplash.com%2Fphoto-1506484381205-f7945b68db56%3Fw%3D1600%26h%3D900%26fit%3Dcrop&w=3840&q=75:0
[ 1093611ms] [ERROR] Failed to load resource: the server responded with a status of 404 (Not Found) @ http://localhost:3000/_next/image?url=https%3A%2F%2Fimages.unsplash.com%2Fphoto-1506484381205-f7945b68db56%3Fw%3D1600%26h%3D900%26fit%3Dcrop&w=3840&q=75:0
[ 1113731ms] [ERROR] Failed to load resource: the server responded with a status of 404 (Not Found) @ http://localhost:3000/_next/image?url=https%3A%2F%2Fimages.unsplash.com%2Fphoto-1506484381205-f7945b68db56%3Fw%3D1600%26h%3D900%26fit%3Dcrop&w=3840&q=75:0
[ 1129596ms] [ERROR] Failed to load resource: the server responded with a status of 404 (Not Found) @ http://localhost:3000/_next/image?url=https%3A%2F%2Fimages.unsplash.com%2Fphoto-1506484381205-f7945b68db56%3Fw%3D1600%26h%3D900%26fit%3Dcrop&w=3840&q=75:0
[ 1147718ms] [ERROR] Failed to load resource: the server responded with a status of 404 (Not Found) @ http://localhost:3000/_next/image?url=https%3A%2F%2Fimages.unsplash.com%2Fphoto-1506484381205-f7945b68db56%3Fw%3D1600%26h%3D900%26fit%3Dcrop&w=3840&q=75:0
[ 1165628ms] [ERROR] Failed to load resource: the server responded with a status of 404 (Not Found) @ http://localhost:3000/_next/image?url=https%3A%2F%2Fimages.unsplash.com%2Fphoto-1506484381205-f7945b68db56%3Fw%3D1600%26h%3D900%26fit%3Dcrop&w=3840&q=75:0
[ 1183604ms] [ERROR] Failed to load resource: the server responded with a status of 404 (Not Found) @ http://localhost:3000/_next/image?url=https%3A%2F%2Fimages.unsplash.com%2Fphoto-1506484381205-f7945b68db56%3Fw%3D1600%26h%3D900%26fit%3Dcrop&w=3840&q=75:0
[ 1201688ms] [ERROR] Failed to load resource: the server responded with a status of 404 (Not Found) @ http://localhost:3000/_next/image?url=https%3A%2F%2Fimages.unsplash.com%2Fphoto-1506484381205-f7945b68db56%3Fw%3D1600%26h%3D900%26fit%3Dcrop&w=3840&q=75:0
[ 1219569ms] [ERROR] Failed to load resource: the server responded with a status of 404 (Not Found) @ http://localhost:3000/_next/image?url=https%3A%2F%2Fimages.unsplash.com%2Fphoto-1506484381205-f7945b68db56%3Fw%3D1600%26h%3D900%26fit%3Dcrop&w=3840&q=75:0
[ 1238382ms] [ERROR] Failed to load resource: the server responded with a status of 404 (Not Found) @ http://localhost:3000/_next/image?url=https%3A%2F%2Fimages.unsplash.com%2Fphoto-1506484381205-f7945b68db56%3Fw%3D1600%26h%3D900%26fit%3Dcrop&w=3840&q=75:0
[ 1255692ms] [ERROR] Failed to load resource: the server responded with a status of 404 (Not Found) @ http://localhost:3000/_next/image?url=https%3A%2F%2Fimages.unsplash.com%2Fphoto-1506484381205-f7945b68db56%3Fw%3D1600%26h%3D900%26fit%3Dcrop&w=3840&q=75:0
[ 1273577ms] [ERROR] Failed to load resource: the server responded with a status of 404 (Not Found) @ http://localhost:3000/_next/image?url=https%3A%2F%2Fimages.unsplash.com%2Fphoto-1506484381205-f7945b68db56%3Fw%3D1600%26h%3D900%26fit%3Dcrop&w=3840&q=75:0
[ 1291883ms] [ERROR] Failed to load resource: the server responded with a status of 404 (Not Found) @ http://localhost:3000/_next/image?url=https%3A%2F%2Fimages.unsplash.com%2Fphoto-1506484381205-f7945b68db56%3Fw%3D1600%26h%3D900%26fit%3Dcrop&w=3840&q=75:0
[ 1309670ms] [ERROR] Failed to load resource: the server responded with a status of 404 (Not Found) @ http://localhost:3000/_next/image?url=https%3A%2F%2Fimages.unsplash.com%2Fphoto-1506484381205-f7945b68db56%3Fw%3D1600%26h%3D900%26fit%3Dcrop&w=3840&q=75:0
[ 1327655ms] [ERROR] Failed to load resource: the server responded with a status of 404 (Not Found) @ http://localhost:3000/_next/image?url=https%3A%2F%2Fimages.unsplash.com%2Fphoto-1506484381205-f7945b68db56%3Fw%3D1600%26h%3D900%26fit%3Dcrop&w=3840&q=75:0
[ 1345522ms] [ERROR] Failed to load resource: the server responded with a status of 404 (Not Found) @ http://localhost:3000/_next/image?url=https%3A%2F%2Fimages.unsplash.com%2Fphoto-1506484381205-f7945b68db56%3Fw%3D1600%26h%3D900%26fit%3Dcrop&w=3840&q=75:0
[ 1363614ms] [ERROR] Failed to load resource: the server responded with a status of 404 (Not Found) @ http://localhost:3000/_next/image?url=https%3A%2F%2Fimages.unsplash.com%2Fphoto-1506484381205-f7945b68db56%3Fw%3D1600%26h%3D900%26fit%3Dcrop&w=3840&q=75:0
[ 1382629ms] [ERROR] Failed to load resource: the server responded with a status of 404 (Not Found) @ http://localhost:3000/_next/image?url=https%3A%2F%2Fimages.unsplash.com%2Fphoto-1506484381205-f7945b68db56%3Fw%3D1600%26h%3D900%26fit%3Dcrop&w=3840&q=75:0
[ 1399683ms] [ERROR] Failed to load resource: the server responded with a status of 404 (Not Found) @ http://localhost:3000/_next/image?url=https%3A%2F%2Fimages.unsplash.com%2Fphoto-1506484381205-f7945b68db56%3Fw%3D1600%26h%3D900%26fit%3Dcrop&w=3840&q=75:0
[ 1417602ms] [ERROR] Failed to load resource: the server responded with a status of 404 (Not Found) @ http://localhost:3000/_next/image?url=https%3A%2F%2Fimages.unsplash.com%2Fphoto-1506484381205-f7945b68db56%3Fw%3D1600%26h%3D900%26fit%3Dcrop&w=3840&q=75:0
[ 1436760ms] [ERROR] Failed to load resource: the server responded with a status of 404 (Not Found) @ http://localhost:3000/_next/image?url=https%3A%2F%2Fimages.unsplash.com%2Fphoto-1506484381205-f7945b68db56%3Fw%3D1600%26h%3D900%26fit%3Dcrop&w=3840&q=75:0
[ 1455092ms] [ERROR] Failed to load resource: the server responded with a status of 404 (Not Found) @ http://localhost:3000/_next/image?url=https%3A%2F%2Fimages.unsplash.com%2Fphoto-1506484381205-f7945b68db56%3Fw%3D1600%26h%3D900%26fit%3Dcrop&w=3840&q=75:0
[ 1471545ms] [ERROR] Failed to load resource: the server responded with a status of 404 (Not Found) @ http://localhost:3000/_next/image?url=https%3A%2F%2Fimages.unsplash.com%2Fphoto-1506484381205-f7945b68db56%3Fw%3D1600%26h%3D900%26fit%3Dcrop&w=3840&q=75:0
[ 1494597ms] [ERROR] Failed to load resource: the server responded with a status of 404 (Not Found) @ http://localhost:3000/_next/image?url=https%3A%2F%2Fimages.unsplash.com%2Fphoto-1506484381205-f7945b68db56%3Fw%3D1600%26h%3D900%26fit%3Dcrop&w=3840&q=75:0
[ 1507594ms] [ERROR] Failed to load resource: the server responded with a status of 404 (Not Found) @ http://localhost:3000/_next/image?url=https%3A%2F%2Fimages.unsplash.com%2Fphoto-1506484381205-f7945b68db56%3Fw%3D1600%26h%3D900%26fit%3Dcrop&w=3840&q=75:0
[ 1526674ms] [ERROR] Failed to load resource: the server responded with a status of 404 (Not Found) @ http://localhost:3000/_next/image?url=https%3A%2F%2Fimages.unsplash.com%2Fphoto-1506484381205-f7945b68db56%3Fw%3D1600%26h%3D900%26fit%3Dcrop&w=3840&q=75:0
[ 1544182ms] [ERROR] Failed to load resource: the server responded with a status of 404 (Not Found) @ http://localhost:3000/_next/image?url=https%3A%2F%2Fimages.unsplash.com%2Fphoto-1506484381205-f7945b68db56%3Fw%3D1600%26h%3D900%26fit%3Dcrop&w=3840&q=75:0
[ 1561515ms] [ERROR] Failed to load resource: the server responded with a status of 404 (Not Found) @ http://localhost:3000/_next/image?url=https%3A%2F%2Fimages.unsplash.com%2Fphoto-1506484381205-f7945b68db56%3Fw%3D1600%26h%3D900%26fit%3Dcrop&w=3840&q=75:0
[ 1580037ms] [ERROR] Failed to load resource: the server responded with a status of 404 (Not Found) @ http://localhost:3000/_next/image?url=https%3A%2F%2Fimages.unsplash.com%2Fphoto-1506484381205-f7945b68db56%3Fw%3D1600%26h%3D900%26fit%3Dcrop&w=3840&q=75:0
[ 1598741ms] [ERROR] Failed to load resource: the server responded with a status of 404 (Not Found) @ http://localhost:3000/_next/image?url=https%3A%2F%2Fimages.unsplash.com%2Fphoto-1506484381205-f7945b68db56%3Fw%3D1600%26h%3D900%26fit%3Dcrop&w=3840&q=75:0
[ 1615579ms] [ERROR] Failed to load resource: the server responded with a status of 404 (Not Found) @ http://localhost:3000/_next/image?url=https%3A%2F%2Fimages.unsplash.com%2Fphoto-1506484381205-f7945b68db56%3Fw%3D1600%26h%3D900%26fit%3Dcrop&w=3840&q=75:0
[ 1633611ms] [ERROR] Failed to load resource: the server responded with a status of 404 (Not Found) @ http://localhost:3000/_next/image?url=https%3A%2F%2Fimages.unsplash.com%2Fphoto-1506484381205-f7945b68db56%3Fw%3D1600%26h%3D900%26fit%3Dcrop&w=3840&q=75:0
[ 1651493ms] [ERROR] Failed to load resource: the server responded with a status of 404 (Not Found) @ http://localhost:3000/_next/image?url=https%3A%2F%2Fimages.unsplash.com%2Fphoto-1506484381205-f7945b68db56%3Fw%3D1600%26h%3D900%26fit%3Dcrop&w=3840&q=75:0
[ 1669609ms] [ERROR] Failed to load resource: the server responded with a status of 404 (Not Found) @ http://localhost:3000/_next/image?url=https%3A%2F%2Fimages.unsplash.com%2Fphoto-1506484381205-f7945b68db56%3Fw%3D1600%26h%3D900%26fit%3Dcrop&w=3840&q=75:0
[ 1687519ms] [ERROR] Failed to load resource: the server responded with a status of 404 (Not Found) @ http://localhost:3000/_next/image?url=https%3A%2F%2Fimages.unsplash.com%2Fphoto-1506484381205-f7945b68db56%3Fw%3D1600%26h%3D900%26fit%3Dcrop&w=3840&q=75:0
[ 1705609ms] [ERROR] Failed to load resource: the server responded with a status of 404 (Not Found) @ http://localhost:3000/_next/image?url=https%3A%2F%2Fimages.unsplash.com%2Fphoto-1506484381205-f7945b68db56%3Fw%3D1600%26h%3D900%26fit%3Dcrop&w=3840&q=75:0
[ 1723599ms] [ERROR] Failed to load resource: the server responded with a status of 404 (Not Found) @ http://localhost:3000/_next/image?url=https%3A%2F%2Fimages.unsplash.com%2Fphoto-1506484381205-f7945b68db56%3Fw%3D1600%26h%3D900%26fit%3Dcrop&w=3840&q=75:0
[ 1741523ms] [ERROR] Failed to load resource: the server responded with a status of 404 (Not Found) @ http://localhost:3000/_next/image?url=https%3A%2F%2Fimages.unsplash.com%2Fphoto-1506484381205-f7945b68db56%3Fw%3D1600%26h%3D900%26fit%3Dcrop&w=3840&q=75:0
[ 1759617ms] [ERROR] Failed to load resource: the server responded with a status of 404 (Not Found) @ http://localhost:3000/_next/image?url=https%3A%2F%2Fimages.unsplash.com%2Fphoto-1506484381205-f7945b68db56%3Fw%3D1600%26h%3D900%26fit%3Dcrop&w=3840&q=75:0
[ 1777510ms] [ERROR] Failed to load resource: the server responded with a status of 404 (Not Found) @ http://localhost:3000/_next/image?url=https%3A%2F%2Fimages.unsplash.com%2Fphoto-1506484381205-f7945b68db56%3Fw%3D1600%26h%3D900%26fit%3Dcrop&w=3840&q=75:0
[ 1795634ms] [ERROR] Failed to load resource: the server responded with a status of 404 (Not Found) @ http://localhost:3000/_next/image?url=https%3A%2F%2Fimages.unsplash.com%2Fphoto-1506484381205-f7945b68db56%3Fw%3D1600%26h%3D900%26fit%3Dcrop&w=3840&q=75:0
[ 1813540ms] [ERROR] Failed to load resource: the server responded with a status of 404 (Not Found) @ http://localhost:3000/_next/image?url=https%3A%2F%2Fimages.unsplash.com%2Fphoto-1506484381205-f7945b68db56%3Fw%3D1600%26h%3D900%26fit%3Dcrop&w=3840&q=75:0
[ 1832643ms] [ERROR] Failed to load resource: the server responded with a status of 404 (Not Found) @ http://localhost:3000/_next/image?url=https%3A%2F%2Fimages.unsplash.com%2Fphoto-1506484381205-f7945b68db56%3Fw%3D1600%26h%3D900%26fit%3Dcrop&w=3840&q=75:0
[ 1850765ms] [ERROR] Failed to load resource: the server responded with a status of 404 (Not Found) @ http://localhost:3000/_next/image?url=https%3A%2F%2Fimages.unsplash.com%2Fphoto-1506484381205-f7945b68db56%3Fw%3D1600%26h%3D900%26fit%3Dcrop&w=3840&q=75:0
[ 1867525ms] [ERROR] Failed to load resource: the server responded with a status of 404 (Not Found) @ http://localhost:3000/_next/image?url=https%3A%2F%2Fimages.unsplash.com%2Fphoto-1506484381205-f7945b68db56%3Fw%3D1600%26h%3D900%26fit%3Dcrop&w=3840&q=75:0
[ 1885682ms] [ERROR] Failed to load resource: the server responded with a status of 404 (Not Found) @ http://localhost:3000/_next/image?url=https%3A%2F%2Fimages.unsplash.com%2Fphoto-1506484381205-f7945b68db56%3Fw%3D1600%26h%3D900%26fit%3Dcrop&w=3840&q=75:0
[ 1903733ms] [ERROR] Failed to load resource: the server responded with a status of 404 (Not Found) @ http://localhost:3000/_next/image?url=https%3A%2F%2Fimages.unsplash.com%2Fphoto-1506484381205-f7945b68db56%3Fw%3D1600%26h%3D900%26fit%3Dcrop&w=3840&q=75:0
[ 1921595ms] [ERROR] Failed to load resource: the server responded with a status of 404 (Not Found) @ http://localhost:3000/_next/image?url=https%3A%2F%2Fimages.unsplash.com%2Fphoto-1506484381205-f7945b68db56%3Fw%3D1600%26h%3D900%26fit%3Dcrop&w=3840&q=75:0
[ 1939546ms] [ERROR] Failed to load resource: the server responded with a status of 404 (Not Found) @ http://localhost:3000/_next/image?url=https%3A%2F%2Fimages.unsplash.com%2Fphoto-1506484381205-f7945b68db56%3Fw%3D1600%26h%3D900%26fit%3Dcrop&w=3840&q=75:0
[ 1957521ms] [ERROR] Failed to load resource: the server responded with a status of 404 (Not Found) @ http://localhost:3000/_next/image?url=https%3A%2F%2Fimages.unsplash.com%2Fphoto-1506484381205-f7945b68db56%3Fw%3D1600%26h%3D900%26fit%3Dcrop&w=3840&q=75:0
[ 1980573ms] [ERROR] Failed to load resource: the server responded with a status of 404 (Not Found) @ http://localhost:3000/_next/image?url=https%3A%2F%2Fimages.unsplash.com%2Fphoto-1506484381205-f7945b68db56%3Fw%3D1600%26h%3D900%26fit%3Dcrop&w=3840&q=75:0
[ 1994045ms] [ERROR] Failed to load resource: the server responded with a status of 404 (Not Found) @ http://localhost:3000/_next/image?url=https%3A%2F%2Fimages.unsplash.com%2Fphoto-1506484381205-f7945b68db56%3Fw%3D1600%26h%3D900%26fit%3Dcrop&w=3840&q=75:0
[ 2011606ms] [ERROR] Failed to load resource: the server responded with a status of 404 (Not Found) @ http://localhost:3000/_next/image?url=https%3A%2F%2Fimages.unsplash.com%2Fphoto-1506484381205-f7945b68db56%3Fw%3D1600%26h%3D900%26fit%3Dcrop&w=3840&q=75:0
[ 2030031ms] [ERROR] Failed to load resource: the server responded with a status of 404 (Not Found) @ http://localhost:3000/_next/image?url=https%3A%2F%2Fimages.unsplash.com%2Fphoto-1506484381205-f7945b68db56%3Fw%3D1600%26h%3D900%26fit%3Dcrop&w=3840&q=75:0
[ 2047703ms] [ERROR] Failed to load resource: the server responded with a status of 404 (Not Found) @ http://localhost:3000/_next/image?url=https%3A%2F%2Fimages.unsplash.com%2Fphoto-1506484381205-f7945b68db56%3Fw%3D1600%26h%3D900%26fit%3Dcrop&w=3840&q=75:0
[ 2065594ms] [ERROR] Failed to load resource: the server responded with a status of 404 (Not Found) @ http://localhost:3000/_next/image?url=https%3A%2F%2Fimages.unsplash.com%2Fphoto-1506484381205-f7945b68db56%3Fw%3D1600%26h%3D900%26fit%3Dcrop&w=3840&q=75:0
[ 2083731ms] [ERROR] Failed to load resource: the server responded with a status of 404 (Not Found) @ http://localhost:3000/_next/image?url=https%3A%2F%2Fimages.unsplash.com%2Fphoto-1506484381205-f7945b68db56%3Fw%3D1600%26h%3D900%26fit%3Dcrop&w=3840&q=75:0
[ 2101603ms] [ERROR] Failed to load resource: the server responded with a status of 404 (Not Found) @ http://localhost:3000/_next/image?url=https%3A%2F%2Fimages.unsplash.com%2Fphoto-1506484381205-f7945b68db56%3Fw%3D1600%26h%3D900%26fit%3Dcrop&w=3840&q=75:0
[ 2119727ms] [ERROR] Failed to load resource: the server responded with a status of 404 (Not Found) @ http://localhost:3000/_next/image?url=https%3A%2F%2Fimages.unsplash.com%2Fphoto-1506484381205-f7945b68db56%3Fw%3D1600%26h%3D900%26fit%3Dcrop&w=3840&q=75:0
[ 2137718ms] [ERROR] Failed to load resource: the server responded with a status of 404 (Not Found) @ http://localhost:3000/_next/image?url=https%3A%2F%2Fimages.unsplash.com%2Fphoto-1506484381205-f7945b68db56%3Fw%3D1600%26h%3D900%26fit%3Dcrop&w=3840&q=75:0
[ 2156740ms] [ERROR] Failed to load resource: the server responded with a status of 404 (Not Found) @ http://localhost:3000/_next/image?url=https%3A%2F%2Fimages.unsplash.com%2Fphoto-1506484381205-f7945b68db56%3Fw%3D1600%26h%3D900%26fit%3Dcrop&w=3840&q=75:0
[ 2173601ms] [ERROR] Failed to load resource: the server responded with a status of 404 (Not Found) @ http://localhost:3000/_next/image?url=https%3A%2F%2Fimages.unsplash.com%2Fphoto-1506484381205-f7945b68db56%3Fw%3D1600%26h%3D900%26fit%3Dcrop&w=3840&q=75:0
[ 2191668ms] [ERROR] Failed to load resource: the server responded with a status of 404 (Not Found) @ http://localhost:3000/_next/image?url=https%3A%2F%2Fimages.unsplash.com%2Fphoto-1506484381205-f7945b68db56%3Fw%3D1600%26h%3D900%26fit%3Dcrop&w=3840&q=75:0
[ 2209671ms] [ERROR] Failed to load resource: the server responded with a status of 404 (Not Found) @ http://localhost:3000/_next/image?url=https%3A%2F%2Fimages.unsplash.com%2Fphoto-1506484381205-f7945b68db56%3Fw%3D1600%26h%3D900%26fit%3Dcrop&w=3840&q=75:0
[ 2227683ms] [ERROR] Failed to load resource: the server responded with a status of 404 (Not Found) @ http://localhost:3000/_next/image?url=https%3A%2F%2Fimages.unsplash.com%2Fphoto-1506484381205-f7945b68db56%3Fw%3D1600%26h%3D900%26fit%3Dcrop&w=3840&q=75:0
[ 2245652ms] [ERROR] Failed to load resource: the server responded with a status of 404 (Not Found) @ http://localhost:3000/_next/image?url=https%3A%2F%2Fimages.unsplash.com%2Fphoto-1506484381205-f7945b68db56%3Fw%3D1600%26h%3D900%26fit%3Dcrop&w=3840&q=75:0
[ 2263579ms] [ERROR] Failed to load resource: the server responded with a status of 404 (Not Found) @ http://localhost:3000/_next/image?url=https%3A%2F%2Fimages.unsplash.com%2Fphoto-1506484381205-f7945b68db56%3Fw%3D1600%26h%3D900%26fit%3Dcrop&w=3840&q=75:0
[ 2286325ms] [ERROR] Failed to load resource: the server responded with a status of 404 (Not Found) @ http://localhost:3000/_next/image?url=https%3A%2F%2Fimages.unsplash.com%2Fphoto-1506484381205-f7945b68db56%3Fw%3D1600%26h%3D900%26fit%3Dcrop&w=3840&q=75:0
[ 2299562ms] [ERROR] Failed to load resource: the server responded with a status of 404 (Not Found) @ http://localhost:3000/_next/image?url=https%3A%2F%2Fimages.unsplash.com%2Fphoto-1506484381205-f7945b68db56%3Fw%3D1600%26h%3D900%26fit%3Dcrop&w=3840&q=75:0
[ 2317612ms] [ERROR] Failed to load resource: the server responded with a status of 404 (Not Found) @ http://localhost:3000/_next/image?url=https%3A%2F%2Fimages.unsplash.com%2Fphoto-1506484381205-f7945b68db56%3Fw%3D1600%26h%3D900%26fit%3Dcrop&w=3840&q=75:0
[ 2335569ms] [ERROR] Failed to load resource: the server responded with a status of 404 (Not Found) @ http://localhost:3000/_next/image?url=https%3A%2F%2Fimages.unsplash.com%2Fphoto-1506484381205-f7945b68db56%3Fw%3D1600%26h%3D900%26fit%3Dcrop&w=3840&q=75:0
[ 2353523ms] [ERROR] Failed to load resource: the server responded with a status of 404 (Not Found) @ http://localhost:3000/_next/image?url=https%3A%2F%2Fimages.unsplash.com%2Fphoto-1506484381205-f7945b68db56%3Fw%3D1600%26h%3D900%26fit%3Dcrop&w=3840&q=75:0
[ 2371532ms] [ERROR] Failed to load resource: the server responded with a status of 404 (Not Found) @ http://localhost:3000/_next/image?url=https%3A%2F%2Fimages.unsplash.com%2Fphoto-1506484381205-f7945b68db56%3Fw%3D1600%26h%3D900%26fit%3Dcrop&w=3840&q=75:0
[ 2389533ms] [ERROR] Failed to load resource: the server responded with a status of 404 (Not Found) @ http://localhost:3000/_next/image?url=https%3A%2F%2Fimages.unsplash.com%2Fphoto-1506484381205-f7945b68db56%3Fw%3D1600%26h%3D900%26fit%3Dcrop&w=3840&q=75:0
[ 2407984ms] [ERROR] Failed to load resource: the server responded with a status of 404 (Not Found) @ http://localhost:3000/_next/image?url=https%3A%2F%2Fimages.unsplash.com%2Fphoto-1506484381205-f7945b68db56%3Fw%3D1600%26h%3D900%26fit%3Dcrop&w=3840&q=75:0
[ 2425646ms] [ERROR] Failed to load resource: the server responded with a status of 404 (Not Found) @ http://localhost:3000/_next/image?url=https%3A%2F%2Fimages.unsplash.com%2Fphoto-1506484381205-f7945b68db56%3Fw%3D1600%26h%3D900%26fit%3Dcrop&w=3840&q=75:0
[ 2443603ms] [ERROR] Failed to load resource: the server responded with a status of 404 (Not Found) @ http://localhost:3000/_next/image?url=https%3A%2F%2Fimages.unsplash.com%2Fphoto-1506484381205-f7945b68db56%3Fw%3D1600%26h%3D900%26fit%3Dcrop&w=3840&q=75:0
[ 2462338ms] [ERROR] Failed to load resource: the server responded with a status of 404 (Not Found) @ http://localhost:3000/_next/image?url=https%3A%2F%2Fimages.unsplash.com%2Fphoto-1506484381205-f7945b68db56%3Fw%3D1600%26h%3D900%26fit%3Dcrop&w=3840&q=75:0
[ 2479653ms] [ERROR] Failed to load resource: the server responded with a status of 404 (Not Found) @ http://localhost:3000/_next/image?url=https%3A%2F%2Fimages.unsplash.com%2Fphoto-1506484381205-f7945b68db56%3Fw%3D1600%26h%3D900%26fit%3Dcrop&w=3840&q=75:0
[ 2498473ms] [ERROR] Failed to load resource: the server responded with a status of 404 (Not Found) @ http://localhost:3000/_next/image?url=https%3A%2F%2Fimages.unsplash.com%2Fphoto-1506484381205-f7945b68db56%3Fw%3D1600%26h%3D900%26fit%3Dcrop&w=3840&q=75:0
[ 2517608ms] [ERROR] Failed to load resource: the server responded with a status of 404 (Not Found) @ http://localhost:3000/_next/image?url=https%3A%2F%2Fimages.unsplash.com%2Fphoto-1506484381205-f7945b68db56%3Fw%3D1600%26h%3D900%26fit%3Dcrop&w=3840&q=75:0
[ 2533511ms] [ERROR] Failed to load resource: the server responded with a status of 404 (Not Found) @ http://localhost:3000/_next/image?url=https%3A%2F%2Fimages.unsplash.com%2Fphoto-1506484381205-f7945b68db56%3Fw%3D1600%26h%3D900%26fit%3Dcrop&w=3840&q=75:0
[ 2552634ms] [ERROR] Failed to load resource: the server responded with a status of 404 (Not Found) @ http://localhost:3000/_next/image?url=https%3A%2F%2Fimages.unsplash.com%2Fphoto-1506484381205-f7945b68db56%3Fw%3D1600%26h%3D900%26fit%3Dcrop&w=3840&q=75:0
[ 2570680ms] [ERROR] Failed to load resource: the server responded with a status of 404 (Not Found) @ http://localhost:3000/_next/image?url=https%3A%2F%2Fimages.unsplash.com%2Fphoto-1506484381205-f7945b68db56%3Fw%3D1600%26h%3D900%26fit%3Dcrop&w=3840&q=75:0
[ 2587933ms] [ERROR] Failed to load resource: the server responded with a status of 404 (Not Found) @ http://localhost:3000/_next/image?url=https%3A%2F%2Fimages.unsplash.com%2Fphoto-1506484381205-f7945b68db56%3Fw%3D1600%26h%3D900%26fit%3Dcrop&w=3840&q=75:0
[ 2605653ms] [ERROR] Failed to load resource: the server responded with a status of 404 (Not Found) @ http://localhost:3000/_next/image?url=https%3A%2F%2Fimages.unsplash.com%2Fphoto-1506484381205-f7945b68db56%3Fw%3D1600%26h%3D900%26fit%3Dcrop&w=3840&q=75:0
[ 2623523ms] [ERROR] Failed to load resource: the server responded with a status of 404 (Not Found) @ http://localhost:3000/_next/image?url=https%3A%2F%2Fimages.unsplash.com%2Fphoto-1506484381205-f7945b68db56%3Fw%3D1600%26h%3D900%26fit%3Dcrop&w=3840&q=75:0
[ 2648300ms] [ERROR] Failed to load resource: the server responded with a status of 504 (Gateway Timeout) @ http://localhost:3000/_next/image?url=https%3A%2F%2Fimages.unsplash.com%2Fphoto-1506484381205-f7945b68db56%3Fw%3D1600%26h%3D900%26fit%3Dcrop&w=3840&q=75:0
[ 2661722ms] [ERROR] Failed to load resource: the server responded with a status of 404 (Not Found) @ http://localhost:3000/_next/image?url=https%3A%2F%2Fimages.unsplash.com%2Fphoto-1506484381205-f7945b68db56%3Fw%3D1600%26h%3D900%26fit%3Dcrop&w=3840&q=75:0
[ 2677573ms] [ERROR] Failed to load resource: the server responded with a status of 404 (Not Found) @ http://localhost:3000/_next/image?url=https%3A%2F%2Fimages.unsplash.com%2Fphoto-1506484381205-f7945b68db56%3Fw%3D1600%26h%3D900%26fit%3Dcrop&w=3840&q=75:0
[ 2700604ms] [ERROR] Failed to load resource: the server responded with a status of 404 (Not Found) @ http://localhost:3000/_next/image?url=https%3A%2F%2Fimages.unsplash.com%2Fphoto-1506484381205-f7945b68db56%3Fw%3D1600%26h%3D900%26fit%3Dcrop&w=3840&q=75:0
[ 2713649ms] [ERROR] Failed to load resource: the server responded with a status of 404 (Not Found) @ http://localhost:3000/_next/image?url=https%3A%2F%2Fimages.unsplash.com%2Fphoto-1506484381205-f7945b68db56%3Fw%3D1600%26h%3D900%26fit%3Dcrop&w=3840&q=75:0
[ 2732065ms] [ERROR] Failed to load resource: the server responded with a status of 404 (Not Found) @ http://localhost:3000/_next/image?url=https%3A%2F%2Fimages.unsplash.com%2Fphoto-1506484381205-f7945b68db56%3Fw%3D1600%26h%3D900%26fit%3Dcrop&w=3840&q=75:0
[ 2749608ms] [ERROR] Failed to load resource: the server responded with a status of 404 (Not Found) @ http://localhost:3000/_next/image?url=https%3A%2F%2Fimages.unsplash.com%2Fphoto-1506484381205-f7945b68db56%3Fw%3D1600%26h%3D900%26fit%3Dcrop&w=3840&q=75:0
[ 2768368ms] [ERROR] Failed to load resource: the server responded with a status of 404 (Not Found) @ http://localhost:3000/_next/image?url=https%3A%2F%2Fimages.unsplash.com%2Fphoto-1506484381205-f7945b68db56%3Fw%3D1600%26h%3D900%26fit%3Dcrop&w=3840&q=75:0
[ 2785531ms] [ERROR] Failed to load resource: the server responded with a status of 404 (Not Found) @ http://localhost:3000/_next/image?url=https%3A%2F%2Fimages.unsplash.com%2Fphoto-1506484381205-f7945b68db56%3Fw%3D1600%26h%3D900%26fit%3Dcrop&w=3840&q=75:0
[ 2808566ms] [ERROR] Failed to load resource: the server responded with a status of 404 (Not Found) @ http://localhost:3000/_next/image?url=https%3A%2F%2Fimages.unsplash.com%2Fphoto-1506484381205-f7945b68db56%3Fw%3D1600%26h%3D900%26fit%3Dcrop&w=3840&q=75:0
[ 2821567ms] [ERROR] Failed to load resource: the server responded with a status of 404 (Not Found) @ http://localhost:3000/_next/image?url=https%3A%2F%2Fimages.unsplash.com%2Fphoto-1506484381205-f7945b68db56%3Fw%3D1600%26h%3D900%26fit%3Dcrop&w=3840&q=75:0
[ 2839600ms] [ERROR] Failed to load resource: the server responded with a status of 404 (Not Found) @ http://localhost:3000/_next/image?url=https%3A%2F%2Fimages.unsplash.com%2Fphoto-1506484381205-f7945b68db56%3Fw%3D1600%26h%3D900%26fit%3Dcrop&w=3840&q=75:0
[ 2857683ms] [ERROR] Failed to load resource: the server responded with a status of 404 (Not Found) @ http://localhost:3000/_next/image?url=https%3A%2F%2Fimages.unsplash.com%2Fphoto-1506484381205-f7945b68db56%3Fw%3D1600%26h%3D900%26fit%3Dcrop&w=3840&q=75:0
[ 2875568ms] [ERROR] Failed to load resource: the server responded with a status of 404 (Not Found) @ http://localhost:3000/_next/image?url=https%3A%2F%2Fimages.unsplash.com%2Fphoto-1506484381205-f7945b68db56%3Fw%3D1600%26h%3D900%26fit%3Dcrop&w=3840&q=75:0
[ 2893683ms] [ERROR] Failed to load resource: the server responded with a status of 404 (Not Found) @ http://localhost:3000/_next/image?url=https%3A%2F%2Fimages.unsplash.com%2Fphoto-1506484381205-f7945b68db56%3Fw%3D1600%26h%3D900%26fit%3Dcrop&w=3840&q=75:0
[ 2911595ms] [ERROR] Failed to load resource: the server responded with a status of 404 (Not Found) @ http://localhost:3000/_next/image?url=https%3A%2F%2Fimages.unsplash.com%2Fphoto-1506484381205-f7945b68db56%3Fw%3D1600%26h%3D900%26fit%3Dcrop&w=3840&q=75:0
[ 2930477ms] [ERROR] Failed to load resource: the server responded with a status of 404 (Not Found) @ http://localhost:3000/_next/image?url=https%3A%2F%2Fimages.unsplash.com%2Fphoto-1506484381205-f7945b68db56%3Fw%3D1600%26h%3D900%26fit%3Dcrop&w=3840&q=75:0
[ 2951801ms] [ERROR] Failed to load resource: the server responded with a status of 404 (Not Found) @ http://localhost:3000/_next/image?url=https%3A%2F%2Fimages.unsplash.com%2Fphoto-1506484381205-f7945b68db56%3Fw%3D1600%26h%3D900%26fit%3Dcrop&w=3840&q=75:0
[ 2965761ms] [ERROR] Failed to load resource: the server responded with a status of 404 (Not Found) @ http://localhost:3000/_next/image?url=https%3A%2F%2Fimages.unsplash.com%2Fphoto-1506484381205-f7945b68db56%3Fw%3D1600%26h%3D900%26fit%3Dcrop&w=3840&q=75:0
[ 2990286ms] [ERROR] Failed to load resource: the server responded with a status of 504 (Gateway Timeout) @ http://localhost:3000/_next/image?url=https%3A%2F%2Fimages.unsplash.com%2Fphoto-1506484381205-f7945b68db56%3Fw%3D1600%26h%3D900%26fit%3Dcrop&w=3840&q=75:0
[ 3006542ms] [ERROR] Failed to load resource: the server responded with a status of 404 (Not Found) @ http://localhost:3000/_next/image?url=https%3A%2F%2Fimages.unsplash.com%2Fphoto-1506484381205-f7945b68db56%3Fw%3D1600%26h%3D900%26fit%3Dcrop&w=3840&q=75:0
[ 3026293ms] [ERROR] Failed to load resource: the server responded with a status of 504 (Gateway Timeout) @ http://localhost:3000/_next/image?url=https%3A%2F%2Fimages.unsplash.com%2Fphoto-1506484381205-f7945b68db56%3Fw%3D1600%26h%3D900%26fit%3Dcrop&w=3840&q=75:0
[ 3039933ms] [ERROR] Failed to load resource: the server responded with a status of 404 (Not Found) @ http://localhost:3000/_next/image?url=https%3A%2F%2Fimages.unsplash.com%2Fphoto-1506484381205-f7945b68db56%3Fw%3D1600%26h%3D900%26fit%3Dcrop&w=3840&q=75:0
[ 3057926ms] [ERROR] Failed to load resource: the server responded with a status of 404 (Not Found) @ http://localhost:3000/_next/image?url=https%3A%2F%2Fimages.unsplash.com%2Fphoto-1506484381205-f7945b68db56%3Fw%3D1600%26h%3D900%26fit%3Dcrop&w=3840&q=75:0
[ 3075419ms] [ERROR] Failed to load resource: the server responded with a status of 404 (Not Found) @ http://localhost:3000/_next/image?url=https%3A%2F%2Fimages.unsplash.com%2Fphoto-1506484381205-f7945b68db56%3Fw%3D1600%26h%3D900%26fit%3Dcrop&w=3840&q=75:0
[ 3093285ms] [ERROR] Failed to load resource: the server responded with a status of 404 (Not Found) @ http://localhost:3000/_next/image?url=https%3A%2F%2Fimages.unsplash.com%2Fphoto-1506484381205-f7945b68db56%3Fw%3D1600%26h%3D900%26fit%3Dcrop&w=3840&q=75:0
[ 3112433ms] [ERROR] Failed to load resource: the server responded with a status of 404 (Not Found) @ http://localhost:3000/_next/image?url=https%3A%2F%2Fimages.unsplash.com%2Fphoto-1506484381205-f7945b68db56%3Fw%3D1600%26h%3D900%26fit%3Dcrop&w=3840&q=75:0
[ 3128469ms] [ERROR] Failed to load resource: the server responded with a status of 404 (Not Found) @ http://localhost:3000/_next/image?url=https%3A%2F%2Fimages.unsplash.com%2Fphoto-1506484381205-f7945b68db56%3Fw%3D1600%26h%3D900%26fit%3Dcrop&w=3840&q=75:0
[ 3151444ms] [ERROR] Failed to load resource: the server responded with a status of 404 (Not Found) @ http://localhost:3000/_next/image?url=https%3A%2F%2Fimages.unsplash.com%2Fphoto-1506484381205-f7945b68db56%3Fw%3D1600%26h%3D900%26fit%3Dcrop&w=3840&q=75:0
[ 3164676ms] [ERROR] Failed to load resource: the server responded with a status of 404 (Not Found) @ http://localhost:3000/_next/image?url=https%3A%2F%2Fimages.unsplash.com%2Fphoto-1506484381205-f7945b68db56%3Fw%3D1600%26h%3D900%26fit%3Dcrop&w=3840&q=75:0
[ 3182976ms] [ERROR] Failed to load resource: the server responded with a status of 404 (Not Found) @ http://localhost:3000/_next/image?url=https%3A%2F%2Fimages.unsplash.com%2Fphoto-1506484381205-f7945b68db56%3Fw%3D1600%26h%3D900%26fit%3Dcrop&w=3840&q=75:0
[ 3200984ms] [ERROR] Failed to load resource: the server responded with a status of 404 (Not Found) @ http://localhost:3000/_next/image?url=https%3A%2F%2Fimages.unsplash.com%2Fphoto-1506484381205-f7945b68db56%3Fw%3D1600%26h%3D900%26fit%3Dcrop&w=3840&q=75:0
[ 3217482ms] [ERROR] Failed to load resource: the server responded with a status of 404 (Not Found) @ http://localhost:3000/_next/image?url=https%3A%2F%2Fimages.unsplash.com%2Fphoto-1506484381205-f7945b68db56%3Fw%3D1600%26h%3D900%26fit%3Dcrop&w=3840&q=75:0
[ 3242287ms] [ERROR] Failed to load resource: the server responded with a status of 504 (Gateway Timeout) @ http://localhost:3000/_next/image?url=https%3A%2F%2Fimages.unsplash.com%2Fphoto-1506484381205-f7945b68db56%3Fw%3D1600%26h%3D900%26fit%3Dcrop&w=3840&q=75:0
[ 3253551ms] [ERROR] Failed to load resource: the server responded with a status of 404 (Not Found) @ http://localhost:3000/_next/image?url=https%3A%2F%2Fimages.unsplash.com%2Fphoto-1506484381205-f7945b68db56%3Fw%3D1600%26h%3D900%26fit%3Dcrop&w=3840&q=75:0
[ 3271557ms] [ERROR] Failed to load resource: the server responded with a status of 404 (Not Found) @ http://localhost:3000/_next/image?url=https%3A%2F%2Fimages.unsplash.com%2Fphoto-1506484381205-f7945b68db56%3Fw%3D1600%26h%3D900%26fit%3Dcrop&w=3840&q=75:0
[ 3289712ms] [ERROR] Failed to load resource: the server responded with a status of 404 (Not Found) @ http://localhost:3000/_next/image?url=https%3A%2F%2Fimages.unsplash.com%2Fphoto-1506484381205-f7945b68db56%3Fw%3D1600%26h%3D900%26fit%3Dcrop&w=3840&q=75:0
[ 3308076ms] [ERROR] Failed to load resource: the server responded with a status of 404 (Not Found) @ http://localhost:3000/_next/image?url=https%3A%2F%2Fimages.unsplash.com%2Fphoto-1506484381205-f7945b68db56%3Fw%3D1600%26h%3D900%26fit%3Dcrop&w=3840&q=75:0
[ 3325591ms] [ERROR] Failed to load resource: the server responded with a status of 404 (Not Found) @ http://localhost:3000/_next/image?url=https%3A%2F%2Fimages.unsplash.com%2Fphoto-1506484381205-f7945b68db56%3Fw%3D1600%26h%3D900%26fit%3Dcrop&w=3840&q=75:0
[ 3343557ms] [ERROR] Failed to load resource: the server responded with a status of 404 (Not Found) @ http://localhost:3000/_next/image?url=https%3A%2F%2Fimages.unsplash.com%2Fphoto-1506484381205-f7945b68db56%3Fw%3D1600%26h%3D900%26fit%3Dcrop&w=3840&q=75:0
[ 3361576ms] [ERROR] Failed to load resource: the server responded with a status of 404 (Not Found) @ http://localhost:3000/_next/image?url=https%3A%2F%2Fimages.unsplash.com%2Fphoto-1506484381205-f7945b68db56%3Fw%3D1600%26h%3D900%26fit%3Dcrop&w=3840&q=75:0
[ 3382458ms] [ERROR] Failed to load resource: the server responded with a status of 404 (Not Found) @ http://localhost:3000/_next/image?url=https%3A%2F%2Fimages.unsplash.com%2Fphoto-1506484381205-f7945b68db56%3Fw%3D1600%26h%3D900%26fit%3Dcrop&w=3840&q=75:0
[ 3397576ms] [ERROR] Failed to load resource: the server responded with a status of 404 (Not Found) @ http://localhost:3000/_next/image?url=https%3A%2F%2Fimages.unsplash.com%2Fphoto-1506484381205-f7945b68db56%3Fw%3D1600%26h%3D900%26fit%3Dcrop&w=3840&q=75:0
[ 3415558ms] [ERROR] Failed to load resource: the server responded with a status of 404 (Not Found) @ http://localhost:3000/_next/image?url=https%3A%2F%2Fimages.unsplash.com%2Fphoto-1506484381205-f7945b68db56%3Fw%3D1600%26h%3D900%26fit%3Dcrop&w=3840&q=75:0
[ 3436714ms] [ERROR] Failed to load resource: the server responded with a status of 404 (Not Found) @ http://localhost:3000/_next/image?url=https%3A%2F%2Fimages.unsplash.com%2Fphoto-1506484381205-f7945b68db56%3Fw%3D1600%26h%3D900%26fit%3Dcrop&w=3840&q=75:0
[ 3451543ms] [ERROR] Failed to load resource: the server responded with a status of 404 (Not Found) @ http://localhost:3000/_next/image?url=https%3A%2F%2Fimages.unsplash.com%2Fphoto-1506484381205-f7945b68db56%3Fw%3D1600%26h%3D900%26fit%3Dcrop&w=3840&q=75:0
[ 3469666ms] [ERROR] Failed to load resource: the server responded with a status of 404 (Not Found) @ http://localhost:3000/_next/image?url=https%3A%2F%2Fimages.unsplash.com%2Fphoto-1506484381205-f7945b68db56%3Fw%3D1600%26h%3D900%26fit%3Dcrop&w=3840&q=75:0
[ 3488700ms] [ERROR] Failed to load resource: the server responded with a status of 404 (Not Found) @ http://localhost:3000/_next/image?url=https%3A%2F%2Fimages.unsplash.com%2Fphoto-1506484381205-f7945b68db56%3Fw%3D1600%26h%3D900%26fit%3Dcrop&w=3840&q=75:0
[ 3505540ms] [ERROR] Failed to load resource: the server responded with a status of 404 (Not Found) @ http://localhost:3000/_next/image?url=https%3A%2F%2Fimages.unsplash.com%2Fphoto-1506484381205-f7945b68db56%3Fw%3D1600%26h%3D900%26fit%3Dcrop&w=3840&q=75:0
[ 3523623ms] [ERROR] Failed to load resource: the server responded with a status of 404 (Not Found) @ http://localhost:3000/_next/image?url=https%3A%2F%2Fimages.unsplash.com%2Fphoto-1506484381205-f7945b68db56%3Fw%3D1600%26h%3D900%26fit%3Dcrop&w=3840&q=75:0
[ 3541591ms] [ERROR] Failed to load resource: the server responded with a status of 404 (Not Found) @ http://localhost:3000/_next/image?url=https%3A%2F%2Fimages.unsplash.com%2Fphoto-1506484381205-f7945b68db56%3Fw%3D1600%26h%3D900%26fit%3Dcrop&w=3840&q=75:0
[ 3559651ms] [ERROR] Failed to load resource: the server responded with a status of 404 (Not Found) @ http://localhost:3000/_next/image?url=https%3A%2F%2Fimages.unsplash.com%2Fphoto-1506484381205-f7945b68db56%3Fw%3D1600%26h%3D900%26fit%3Dcrop&w=3840&q=75:0
[ 3577647ms] [ERROR] Failed to load resource: the server responded with a status of 404 (Not Found) @ http://localhost:3000/_next/image?url=https%3A%2F%2Fimages.unsplash.com%2Fphoto-1506484381205-f7945b68db56%3Fw%3D1600%26h%3D900%26fit%3Dcrop&w=3840&q=75:0
[ 3595889ms] [ERROR] Failed to load resource: the server responded with a status of 404 (Not Found) @ http://localhost:3000/_next/image?url=https%3A%2F%2Fimages.unsplash.com%2Fphoto-1506484381205-f7945b68db56%3Fw%3D1600%26h%3D900%26fit%3Dcrop&w=3840&q=75:0
[ 3618556ms] [ERROR] Failed to load resource: the server responded with a status of 404 (Not Found) @ http://localhost:3000/_next/image?url=https%3A%2F%2Fimages.unsplash.com%2Fphoto-1506484381205-f7945b68db56%3Fw%3D1600%26h%3D900%26fit%3Dcrop&w=3840&q=75:0
[ 3631557ms] [ERROR] Failed to load resource: the server responded with a status of 404 (Not Found) @ http://localhost:3000/_next/image?url=https%3A%2F%2Fimages.unsplash.com%2Fphoto-1506484381205-f7945b68db56%3Fw%3D1600%26h%3D900%26fit%3Dcrop&w=3840&q=75:0
[ 3649639ms] [ERROR] Failed to load resource: the server responded with a status of 404 (Not Found) @ http://localhost:3000/_next/image?url=https%3A%2F%2Fimages.unsplash.com%2Fphoto-1506484381205-f7945b68db56%3Fw%3D1600%26h%3D900%26fit%3Dcrop&w=3840&q=75:0
[ 3667516ms] [ERROR] Failed to load resource: the server responded with a status of 404 (Not Found) @ http://localhost:3000/_next/image?url=https%3A%2F%2Fimages.unsplash.com%2Fphoto-1506484381205-f7945b68db56%3Fw%3D1600%26h%3D900%26fit%3Dcrop&w=3840&q=75:0
[ 3686273ms] [ERROR] Failed to load resource: the server responded with a status of 404 (Not Found) @ http://localhost:3000/_next/image?url=https%3A%2F%2Fimages.unsplash.com%2Fphoto-1506484381205-f7945b68db56%3Fw%3D1600%26h%3D900%26fit%3Dcrop&w=3840&q=75:0
[ 3703524ms] [ERROR] Failed to load resource: the server responded with a status of 404 (Not Found) @ http://localhost:3000/_next/image?url=https%3A%2F%2Fimages.unsplash.com%2Fphoto-1506484381205-f7945b68db56%3Fw%3D1600%26h%3D900%26fit%3Dcrop&w=3840&q=75:0
[ 3721625ms] [ERROR] Failed to load resource: the server responded with a status of 404 (Not Found) @ http://localhost:3000/_next/image?url=https%3A%2F%2Fimages.unsplash.com%2Fphoto-1506484381205-f7945b68db56%3Fw%3D1600%26h%3D900%26fit%3Dcrop&w=3840&q=75:0
[ 3740086ms] [ERROR] Failed to load resource: the server responded with a status of 404 (Not Found) @ http://localhost:3000/_next/image?url=https%3A%2F%2Fimages.unsplash.com%2Fphoto-1506484381205-f7945b68db56%3Fw%3D1600%26h%3D900%26fit%3Dcrop&w=3840&q=75:0
[ 3759193ms] [ERROR] Failed to load resource: the server responded with a status of 404 (Not Found) @ http://localhost:3000/_next/image?url=https%3A%2F%2Fimages.unsplash.com%2Fphoto-1506484381205-f7945b68db56%3Fw%3D1600%26h%3D900%26fit%3Dcrop&w=3840&q=75:0
[ 3776728ms] [ERROR] Failed to load resource: the server responded with a status of 404 (Not Found) @ http://localhost:3000/_next/image?url=https%3A%2F%2Fimages.unsplash.com%2Fphoto-1506484381205-f7945b68db56%3Fw%3D1600%26h%3D900%26fit%3Dcrop&w=3840&q=75:0
[ 3793586ms] [ERROR] Failed to load resource: the server responded with a status of 404 (Not Found) @ http://localhost:3000/_next/image?url=https%3A%2F%2Fimages.unsplash.com%2Fphoto-1506484381205-f7945b68db56%3Fw%3D1600%26h%3D900%26fit%3Dcrop&w=3840&q=75:0
[ 3811591ms] [ERROR] Failed to load resource: the server responded with a status of 404 (Not Found) @ http://localhost:3000/_next/image?url=https%3A%2F%2Fimages.unsplash.com%2Fphoto-1506484381205-f7945b68db56%3Fw%3D1600%26h%3D900%26fit%3Dcrop&w=3840&q=75:0
[ 3829633ms] [ERROR] Failed to load resource: the server responded with a status of 404 (Not Found) @ http://localhost:3000/_next/image?url=https%3A%2F%2Fimages.unsplash.com%2Fphoto-1506484381205-f7945b68db56%3Fw%3D1600%26h%3D900%26fit%3Dcrop&w=3840&q=75:0
[ 3847682ms] [ERROR] Failed to load resource: the server responded with a status of 404 (Not Found) @ http://localhost:3000/_next/image?url=https%3A%2F%2Fimages.unsplash.com%2Fphoto-1506484381205-f7945b68db56%3Fw%3D1600%26h%3D900%26fit%3Dcrop&w=3840&q=75:0
[ 3865506ms] [ERROR] Failed to load resource: the server responded with a status of 404 (Not Found) @ http://localhost:3000/_next/image?url=https%3A%2F%2Fimages.unsplash.com%2Fphoto-1506484381205-f7945b68db56%3Fw%3D1600%26h%3D900%26fit%3Dcrop&w=3840&q=75:0
[ 3883696ms] [ERROR] Failed to load resource: the server responded with a status of 404 (Not Found) @ http://localhost:3000/_next/image?url=https%3A%2F%2Fimages.unsplash.com%2Fphoto-1506484381205-f7945b68db56%3Fw%3D1600%26h%3D900%26fit%3Dcrop&w=3840&q=75:0
[ 3901540ms] [ERROR] Failed to load resource: the server responded with a status of 404 (Not Found) @ http://localhost:3000/_next/image?url=https%3A%2F%2Fimages.unsplash.com%2Fphoto-1506484381205-f7945b68db56%3Fw%3D1600%26h%3D900%26fit%3Dcrop&w=3840&q=75:0
[ 3919669ms] [ERROR] Failed to load resource: the server responded with a status of 404 (Not Found) @ http://localhost:3000/_next/image?url=https%3A%2F%2Fimages.unsplash.com%2Fphoto-1506484381205-f7945b68db56%3Fw%3D1600%26h%3D900%26fit%3Dcrop&w=3840&q=75:0
[ 3937624ms] [ERROR] Failed to load resource: the server responded with a status of 404 (Not Found) @ http://localhost:3000/_next/image?url=https%3A%2F%2Fimages.unsplash.com%2Fphoto-1506484381205-f7945b68db56%3Fw%3D1600%26h%3D900%26fit%3Dcrop&w=3840&q=75:0
[ 3955564ms] [ERROR] Failed to load resource: the server responded with a status of 404 (Not Found) @ http://localhost:3000/_next/image?url=https%3A%2F%2Fimages.unsplash.com%2Fphoto-1506484381205-f7945b68db56%3Fw%3D1600%26h%3D900%26fit%3Dcrop&w=3840&q=75:0
[ 3973652ms] [ERROR] Failed to load resource: the server responded with a status of 404 (Not Found) @ http://localhost:3000/_next/image?url=https%3A%2F%2Fimages.unsplash.com%2Fphoto-1506484381205-f7945b68db56%3Fw%3D1600%26h%3D900%26fit%3Dcrop&w=3840&q=75:0
[ 3992552ms] [ERROR] Failed to load resource: the server responded with a status of 404 (Not Found) @ http://localhost:3000/_next/image?url=https%3A%2F%2Fimages.unsplash.com%2Fphoto-1506484381205-f7945b68db56%3Fw%3D1600%26h%3D900%26fit%3Dcrop&w=3840&q=75:0
[ 4009612ms] [ERROR] Failed to load resource: the server responded with a status of 404 (Not Found) @ http://localhost:3000/_next/image?url=https%3A%2F%2Fimages.unsplash.com%2Fphoto-1506484381205-f7945b68db56%3Fw%3D1600%26h%3D900%26fit%3Dcrop&w=3840&q=75:0
[ 4028103ms] [ERROR] Failed to load resource: the server responded with a status of 404 (Not Found) @ http://localhost:3000/_next/image?url=https%3A%2F%2Fimages.unsplash.com%2Fphoto-1506484381205-f7945b68db56%3Fw%3D1600%26h%3D900%26fit%3Dcrop&w=3840&q=75:0
[ 4046694ms] [ERROR] Failed to load resource: the server responded with a status of 404 (Not Found) @ http://localhost:3000/_next/image?url=https%3A%2F%2Fimages.unsplash.com%2Fphoto-1506484381205-f7945b68db56%3Fw%3D1600%26h%3D900%26fit%3Dcrop&w=3840&q=75:0
[ 4066817ms] [ERROR] Failed to load resource: the server responded with a status of 404 (Not Found) @ http://localhost:3000/_next/image?url=https%3A%2F%2Fimages.unsplash.com%2Fphoto-1506484381205-f7945b68db56%3Fw%3D1600%26h%3D900%26fit%3Dcrop&w=3840&q=75:0
[ 4081580ms] [ERROR] Failed to load resource: the server responded with a status of 404 (Not Found) @ http://localhost:3000/_next/image?url=https%3A%2F%2Fimages.unsplash.com%2Fphoto-1506484381205-f7945b68db56%3Fw%3D1600%26h%3D900%26fit%3Dcrop&w=3840&q=75:0
[ 4099700ms] [ERROR] Failed to load resource: the server responded with a status of 404 (Not Found) @ http://localhost:3000/_next/image?url=https%3A%2F%2Fimages.unsplash.com%2Fphoto-1506484381205-f7945b68db56%3Fw%3D1600%26h%3D900%26fit%3Dcrop&w=3840&q=75:0
[ 4118078ms] [ERROR] Failed to load resource: the server responded with a status of 404 (Not Found) @ http://localhost:3000/_next/image?url=https%3A%2F%2Fimages.unsplash.com%2Fphoto-1506484381205-f7945b68db56%3Fw%3D1600%26h%3D900%26fit%3Dcrop&w=3840&q=75:0
[ 4135761ms] [ERROR] Failed to load resource: the server responded with a status of 404 (Not Found) @ http://localhost:3000/_next/image?url=https%3A%2F%2Fimages.unsplash.com%2Fphoto-1506484381205-f7945b68db56%3Fw%3D1600%26h%3D900%26fit%3Dcrop&w=3840&q=75:0
[ 4153738ms] [ERROR] Failed to load resource: the server responded with a status of 404 (Not Found) @ http://localhost:3000/_next/image?url=https%3A%2F%2Fimages.unsplash.com%2Fphoto-1506484381205-f7945b68db56%3Fw%3D1600%26h%3D900%26fit%3Dcrop&w=3840&q=75:0
[ 4171652ms] [ERROR] Failed to load resource: the server responded with a status of 404 (Not Found) @ http://localhost:3000/_next/image?url=https%3A%2F%2Fimages.unsplash.com%2Fphoto-1506484381205-f7945b68db56%3Fw%3D1600%26h%3D900%26fit%3Dcrop&w=3840&q=75:0
[ 4190877ms] [ERROR] Failed to load resource: the server responded with a status of 404 (Not Found) @ http://localhost:3000/_next/image?url=https%3A%2F%2Fimages.unsplash.com%2Fphoto-1506484381205-f7945b68db56%3Fw%3D1600%26h%3D900%26fit%3Dcrop&w=3840&q=75:0
[ 4207643ms] [ERROR] Failed to load resource: the server responded with a status of 404 (Not Found) @ http://localhost:3000/_next/image?url=https%3A%2F%2Fimages.unsplash.com%2Fphoto-1506484381205-f7945b68db56%3Fw%3D1600%26h%3D900%26fit%3Dcrop&w=3840&q=75:0
[ 4226044ms] [ERROR] Failed to load resource: the server responded with a status of 404 (Not Found) @ http://localhost:3000/_next/image?url=https%3A%2F%2Fimages.unsplash.com%2Fphoto-1506484381205-f7945b68db56%3Fw%3D1600%26h%3D900%26fit%3Dcrop&w=3840&q=75:0
[ 4243621ms] [ERROR] Failed to load resource: the server responded with a status of 404 (Not Found) @ http://localhost:3000/_next/image?url=https%3A%2F%2Fimages.unsplash.com%2Fphoto-1506484381205-f7945b68db56%3Fw%3D1600%26h%3D900%26fit%3Dcrop&w=3840&q=75:0
[ 4261760ms] [ERROR] Failed to load resource: the server responded with a status of 404 (Not Found) @ http://localhost:3000/_next/image?url=https%3A%2F%2Fimages.unsplash.com%2Fphoto-1506484381205-f7945b68db56%3Fw%3D1600%26h%3D900%26fit%3Dcrop&w=3840&q=75:0
[ 4279555ms] [ERROR] Failed to load resource: the server responded with a status of 404 (Not Found) @ http://localhost:3000/_next/image?url=https%3A%2F%2Fimages.unsplash.com%2Fphoto-1506484381205-f7945b68db56%3Fw%3D1600%26h%3D900%26fit%3Dcrop&w=3840&q=75:0
[ 4298521ms] [ERROR] Failed to load resource: the server responded with a status of 404 (Not Found) @ http://localhost:3000/_next/image?url=https%3A%2F%2Fimages.unsplash.com%2Fphoto-1506484381205-f7945b68db56%3Fw%3D1600%26h%3D900%26fit%3Dcrop&w=3840&q=75:0
[ 4315590ms] [ERROR] Failed to load resource: the server responded with a status of 404 (Not Found) @ http://localhost:3000/_next/image?url=https%3A%2F%2Fimages.unsplash.com%2Fphoto-1506484381205-f7945b68db56%3Fw%3D1600%26h%3D900%26fit%3Dcrop&w=3840&q=75:0
[ 4333709ms] [ERROR] Failed to load resource: the server responded with a status of 404 (Not Found) @ http://localhost:3000/_next/image?url=https%3A%2F%2Fimages.unsplash.com%2Fphoto-1506484381205-f7945b68db56%3Fw%3D1600%26h%3D900%26fit%3Dcrop&w=3840&q=75:0
[ 4351586ms] [ERROR] Failed to load resource: the server responded with a status of 404 (Not Found) @ http://localhost:3000/_next/image?url=https%3A%2F%2Fimages.unsplash.com%2Fphoto-1506484381205-f7945b68db56%3Fw%3D1600%26h%3D900%26fit%3Dcrop&w=3840&q=75:0
[ 4370685ms] [ERROR] Failed to load resource: the server responded with a status of 404 (Not Found) @ http://localhost:3000/_next/image?url=https%3A%2F%2Fimages.unsplash.com%2Fphoto-1506484381205-f7945b68db56%3Fw%3D1600%26h%3D900%26fit%3Dcrop&w=3840&q=75:0
[ 4387555ms] [ERROR] Failed to load resource: the server responded with a status of 404 (Not Found) @ http://localhost:3000/_next/image?url=https%3A%2F%2Fimages.unsplash.com%2Fphoto-1506484381205-f7945b68db56%3Fw%3D1600%26h%3D900%26fit%3Dcrop&w=3840&q=75:0
[ 4405912ms] [ERROR] Failed to load resource: the server responded with a status of 404 (Not Found) @ http://localhost:3000/_next/image?url=https%3A%2F%2Fimages.unsplash.com%2Fphoto-1506484381205-f7945b68db56%3Fw%3D1600%26h%3D900%26fit%3Dcrop&w=3840&q=75:0
[ 4423653ms] [ERROR] Failed to load resource: the server responded with a status of 404 (Not Found) @ http://localhost:3000/_next/image?url=https%3A%2F%2Fimages.unsplash.com%2Fphoto-1506484381205-f7945b68db56%3Fw%3D1600%26h%3D900%26fit%3Dcrop&w=3840&q=75:0
[ 4441648ms] [ERROR] Failed to load resource: the server responded with a status of 404 (Not Found) @ http://localhost:3000/_next/image?url=https%3A%2F%2Fimages.unsplash.com%2Fphoto-1506484381205-f7945b68db56%3Fw%3D1600%26h%3D900%26fit%3Dcrop&w=3840&q=75:0
[ 4459876ms] [ERROR] Failed to load resource: the server responded with a status of 404 (Not Found) @ http://localhost:3000/_next/image?url=https%3A%2F%2Fimages.unsplash.com%2Fphoto-1506484381205-f7945b68db56%3Fw%3D1600%26h%3D900%26fit%3Dcrop&w=3840&q=75:0
[ 4478612ms] [ERROR] Failed to load resource: the server responded with a status of 404 (Not Found) @ http://localhost:3000/_next/image?url=https%3A%2F%2Fimages.unsplash.com%2Fphoto-1506484381205-f7945b68db56%3Fw%3D1600%26h%3D900%26fit%3Dcrop&w=3840&q=75:0
[ 4495624ms] [ERROR] Failed to load resource: the server responded with a status of 404 (Not Found) @ http://localhost:3000/_next/image?url=https%3A%2F%2Fimages.unsplash.com%2Fphoto-1506484381205-f7945b68db56%3Fw%3D1600%26h%3D900%26fit%3Dcrop&w=3840&q=75:0
[ 4513503ms] [ERROR] Failed to load resource: the server responded with a status of 404 (Not Found) @ http://localhost:3000/_next/image?url=https%3A%2F%2Fimages.unsplash.com%2Fphoto-1506484381205-f7945b68db56%3Fw%3D1600%26h%3D900%26fit%3Dcrop&w=3840&q=75:0
[ 4532737ms] [ERROR] Failed to load resource: the server responded with a status of 404 (Not Found) @ http://localhost:3000/_next/image?url=https%3A%2F%2Fimages.unsplash.com%2Fphoto-1506484381205-f7945b68db56%3Fw%3D1600%26h%3D900%26fit%3Dcrop&w=3840&q=75:0
[ 4556278ms] [ERROR] Failed to load resource: the server responded with a status of 504 (Gateway Timeout) @ http://localhost:3000/_next/image?url=https%3A%2F%2Fimages.unsplash.com%2Fphoto-1506484381205-f7945b68db56%3Fw%3D1600%26h%3D900%26fit%3Dcrop&w=3840&q=75:0
[ 4567650ms] [ERROR] Failed to load resource: the server responded with a status of 404 (Not Found) @ http://localhost:3000/_next/image?url=https%3A%2F%2Fimages.unsplash.com%2Fphoto-1506484381205-f7945b68db56%3Fw%3D1600%26h%3D900%26fit%3Dcrop&w=3840&q=75:0
[ 4585648ms] [ERROR] Failed to load resource: the server responded with a status of 404 (Not Found) @ http://localhost:3000/_next/image?url=https%3A%2F%2Fimages.unsplash.com%2Fphoto-1506484381205-f7945b68db56%3Fw%3D1600%26h%3D900%26fit%3Dcrop&w=3840&q=75:0
[ 4604373ms] [ERROR] Failed to load resource: the server responded with a status of 404 (Not Found) @ http://localhost:3000/_next/image?url=https%3A%2F%2Fimages.unsplash.com%2Fphoto-1506484381205-f7945b68db56%3Fw%3D1600%26h%3D900%26fit%3Dcrop&w=3840&q=75:0
[ 4621671ms] [ERROR] Failed to load resource: the server responded with a status of 404 (Not Found) @ http://localhost:3000/_next/image?url=https%3A%2F%2Fimages.unsplash.com%2Fphoto-1506484381205-f7945b68db56%3Fw%3D1600%26h%3D900%26fit%3Dcrop&w=3840&q=75:0
[ 4640233ms] [ERROR] Failed to load resource: the server responded with a status of 404 (Not Found) @ http://localhost:3000/_next/image?url=https%3A%2F%2Fimages.unsplash.com%2Fphoto-1506484381205-f7945b68db56%3Fw%3D1600%26h%3D900%26fit%3Dcrop&w=3840&q=75:0
[ 4657622ms] [ERROR] Failed to load resource: the server responded with a status of 404 (Not Found) @ http://localhost:3000/_next/image?url=https%3A%2F%2Fimages.unsplash.com%2Fphoto-1506484381205-f7945b68db56%3Fw%3D1600%26h%3D900%26fit%3Dcrop&w=3840&q=75:0
[ 4675586ms] [ERROR] Failed to load resource: the server responded with a status of 404 (Not Found) @ http://localhost:3000/_next/image?url=https%3A%2F%2Fimages.unsplash.com%2Fphoto-1506484381205-f7945b68db56%3Fw%3D1600%26h%3D900%26fit%3Dcrop&w=3840&q=75:0
[ 4695965ms] [ERROR] Failed to load resource: the server responded with a status of 404 (Not Found) @ http://localhost:3000/_next/image?url=https%3A%2F%2Fimages.unsplash.com%2Fphoto-1506484381205-f7945b68db56%3Fw%3D1600%26h%3D900%26fit%3Dcrop&w=3840&q=75:0
[ 4711601ms] [ERROR] Failed to load resource: the server responded with a status of 404 (Not Found) @ http://localhost:3000/_next/image?url=https%3A%2F%2Fimages.unsplash.com%2Fphoto-1506484381205-f7945b68db56%3Fw%3D1600%26h%3D900%26fit%3Dcrop&w=3840&q=75:0
[ 4730083ms] [ERROR] Failed to load resource: the server responded with a status of 404 (Not Found) @ http://localhost:3000/_next/image?url=https%3A%2F%2Fimages.unsplash.com%2Fphoto-1506484381205-f7945b68db56%3Fw%3D1600%26h%3D900%26fit%3Dcrop&w=3840&q=75:0
[ 4747562ms] [ERROR] Failed to load resource: the server responded with a status of 404 (Not Found) @ http://localhost:3000/_next/image?url=https%3A%2F%2Fimages.unsplash.com%2Fphoto-1506484381205-f7945b68db56%3Fw%3D1600%26h%3D900%26fit%3Dcrop&w=3840&q=75:0
[ 4765514ms] [ERROR] Failed to load resource: the server responded with a status of 404 (Not Found) @ http://localhost:3000/_next/image?url=https%3A%2F%2Fimages.unsplash.com%2Fphoto-1506484381205-f7945b68db56%3Fw%3D1600%26h%3D900%26fit%3Dcrop&w=3840&q=75:0
[ 4783675ms] [ERROR] Failed to load resource: the server responded with a status of 404 (Not Found) @ http://localhost:3000/_next/image?url=https%3A%2F%2Fimages.unsplash.com%2Fphoto-1506484381205-f7945b68db56%3Fw%3D1600%26h%3D900%26fit%3Dcrop&w=3840&q=75:0
[ 4801712ms] [ERROR] Failed to load resource: the server responded with a status of 404 (Not Found) @ http://localhost:3000/_next/image?url=https%3A%2F%2Fimages.unsplash.com%2Fphoto-1506484381205-f7945b68db56%3Fw%3D1600%26h%3D900%26fit%3Dcrop&w=3840&q=75:0
[ 4819669ms] [ERROR] Failed to load resource: the server responded with a status of 404 (Not Found) @ http://localhost:3000/_next/image?url=https%3A%2F%2Fimages.unsplash.com%2Fphoto-1506484381205-f7945b68db56%3Fw%3D1600%26h%3D900%26fit%3Dcrop&w=3840&q=75:0
[ 4837710ms] [ERROR] Failed to load resource: the server responded with a status of 404 (Not Found) @ http://localhost:3000/_next/image?url=https%3A%2F%2Fimages.unsplash.com%2Fphoto-1506484381205-f7945b68db56%3Fw%3D1600%26h%3D900%26fit%3Dcrop&w=3840&q=75:0
[ 4855598ms] [ERROR] Failed to load resource: the server responded with a status of 404 (Not Found) @ http://localhost:3000/_next/image?url=https%3A%2F%2Fimages.unsplash.com%2Fphoto-1506484381205-f7945b68db56%3Fw%3D1600%26h%3D900%26fit%3Dcrop&w=3840&q=75:0
[ 4873711ms] [ERROR] Failed to load resource: the server responded with a status of 404 (Not Found) @ http://localhost:3000/_next/image?url=https%3A%2F%2Fimages.unsplash.com%2Fphoto-1506484381205-f7945b68db56%3Fw%3D1600%26h%3D900%26fit%3Dcrop&w=3840&q=75:0
[ 4891591ms] [ERROR] Failed to load resource: the server responded with a status of 404 (Not Found) @ http://localhost:3000/_next/image?url=https%3A%2F%2Fimages.unsplash.com%2Fphoto-1506484381205-f7945b68db56%3Fw%3D1600%26h%3D900%26fit%3Dcrop&w=3840&q=75:0
[ 4910459ms] [ERROR] Failed to load resource: the server responded with a status of 404 (Not Found) @ http://localhost:3000/_next/image?url=https%3A%2F%2Fimages.unsplash.com%2Fphoto-1506484381205-f7945b68db56%3Fw%3D1600%26h%3D900%26fit%3Dcrop&w=3840&q=75:0
[ 4927976ms] [ERROR] Failed to load resource: the server responded with a status of 404 (Not Found) @ http://localhost:3000/_next/image?url=https%3A%2F%2Fimages.unsplash.com%2Fphoto-1506484381205-f7945b68db56%3Fw%3D1600%26h%3D900%26fit%3Dcrop&w=3840&q=75:0
[ 4945508ms] [ERROR] Failed to load resource: the server responded with a status of 404 (Not Found) @ http://localhost:3000/_next/image?url=https%3A%2F%2Fimages.unsplash.com%2Fphoto-1506484381205-f7945b68db56%3Fw%3D1600%26h%3D900%26fit%3Dcrop&w=3840&q=75:0
[ 4963673ms] [ERROR] Failed to load resource: the server responded with a status of 404 (Not Found) @ http://localhost:3000/_next/image?url=https%3A%2F%2Fimages.unsplash.com%2Fphoto-1506484381205-f7945b68db56%3Fw%3D1600%26h%3D900%26fit%3Dcrop&w=3840&q=75:0
[ 4981628ms] [ERROR] Failed to load resource: the server responded with a status of 404 (Not Found) @ http://localhost:3000/_next/image?url=https%3A%2F%2Fimages.unsplash.com%2Fphoto-1506484381205-f7945b68db56%3Fw%3D1600%26h%3D900%26fit%3Dcrop&w=3840&q=75:0
[ 4999548ms] [ERROR] Failed to load resource: the server responded with a status of 404 (Not Found) @ http://localhost:3000/_next/image?url=https%3A%2F%2Fimages.unsplash.com%2Fphoto-1506484381205-f7945b68db56%3Fw%3D1600%26h%3D900%26fit%3Dcrop&w=3840&q=75:0
[ 5017796ms] [ERROR] Failed to load resource: the server responded with a status of 404 (Not Found) @ http://localhost:3000/_next/image?url=https%3A%2F%2Fimages.unsplash.com%2Fphoto-1506484381205-f7945b68db56%3Fw%3D1600%26h%3D900%26fit%3Dcrop&w=3840&q=75:0
[ 5035639ms] [ERROR] Failed to load resource: the server responded with a status of 404 (Not Found) @ http://localhost:3000/_next/image?url=https%3A%2F%2Fimages.unsplash.com%2Fphoto-1506484381205-f7945b68db56%3Fw%3D1600%26h%3D900%26fit%3Dcrop&w=3840&q=75:0
[ 5053672ms] [ERROR] Failed to load resource: the server responded with a status of 404 (Not Found) @ http://localhost:3000/_next/image?url=https%3A%2F%2Fimages.unsplash.com%2Fphoto-1506484381205-f7945b68db56%3Fw%3D1600%26h%3D900%26fit%3Dcrop&w=3840&q=75:0
[ 5071613ms] [ERROR] Failed to load resource: the server responded with a status of 404 (Not Found) @ http://localhost:3000/_next/image?url=https%3A%2F%2Fimages.unsplash.com%2Fphoto-1506484381205-f7945b68db56%3Fw%3D1600%26h%3D900%26fit%3Dcrop&w=3840&q=75:0
[ 5091818ms] [ERROR] Failed to load resource: the server responded with a status of 404 (Not Found) @ http://localhost:3000/_next/image?url=https%3A%2F%2Fimages.unsplash.com%2Fphoto-1506484381205-f7945b68db56%3Fw%3D1600%26h%3D900%26fit%3Dcrop&w=3840&q=75:0
[ 5107795ms] [ERROR] Failed to load resource: the server responded with a status of 404 (Not Found) @ http://localhost:3000/_next/image?url=https%3A%2F%2Fimages.unsplash.com%2Fphoto-1506484381205-f7945b68db56%3Fw%3D1600%26h%3D900%26fit%3Dcrop&w=3840&q=75:0
[ 5125709ms] [ERROR] Failed to load resource: the server responded with a status of 404 (Not Found) @ http://localhost:3000/_next/image?url=https%3A%2F%2Fimages.unsplash.com%2Fphoto-1506484381205-f7945b68db56%3Fw%3D1600%26h%3D900%26fit%3Dcrop&w=3840&q=75:0
[ 5148661ms] [ERROR] Failed to load resource: the server responded with a status of 404 (Not Found) @ http://localhost:3000/_next/image?url=https%3A%2F%2Fimages.unsplash.com%2Fphoto-1506484381205-f7945b68db56%3Fw%3D1600%26h%3D900%26fit%3Dcrop&w=3840&q=75:0
[ 5161758ms] [ERROR] Failed to load resource: the server responded with a status of 404 (Not Found) @ http://localhost:3000/_next/image?url=https%3A%2F%2Fimages.unsplash.com%2Fphoto-1506484381205-f7945b68db56%3Fw%3D1600%26h%3D900%26fit%3Dcrop&w=3840&q=75:0
[ 5179796ms] [ERROR] Failed to load resource: the server responded with a status of 404 (Not Found) @ http://localhost:3000/_next/image?url=https%3A%2F%2Fimages.unsplash.com%2Fphoto-1506484381205-f7945b68db56%3Fw%3D1600%26h%3D900%26fit%3Dcrop&w=3840&q=75:0
[ 5198147ms] [ERROR] Failed to load resource: the server responded with a status of 404 (Not Found) @ http://localhost:3000/_next/image?url=https%3A%2F%2Fimages.unsplash.com%2Fphoto-1506484381205-f7945b68db56%3Fw%3D1600%26h%3D900%26fit%3Dcrop&w=3840&q=75:0
[ 5217045ms] [ERROR] Failed to load resource: the server responded with a status of 404 (Not Found) @ http://localhost:3000/_next/image?url=https%3A%2F%2Fimages.unsplash.com%2Fphoto-1506484381205-f7945b68db56%3Fw%3D1600%26h%3D900%26fit%3Dcrop&w=3840&q=75:0
[ 5233589ms] [ERROR] Failed to load resource: the server responded with a status of 404 (Not Found) @ http://localhost:3000/_next/image?url=https%3A%2F%2Fimages.unsplash.com%2Fphoto-1506484381205-f7945b68db56%3Fw%3D1600%26h%3D900%26fit%3Dcrop&w=3840&q=75:0
[ 5256580ms] [ERROR] Failed to load resource: the server responded with a status of 404 (Not Found) @ http://localhost:3000/_next/image?url=https%3A%2F%2Fimages.unsplash.com%2Fphoto-1506484381205-f7945b68db56%3Fw%3D1600%26h%3D900%26fit%3Dcrop&w=3840&q=75:0
[ 5269578ms] [ERROR] Failed to load resource: the server responded with a status of 404 (Not Found) @ http://localhost:3000/_next/image?url=https%3A%2F%2Fimages.unsplash.com%2Fphoto-1506484381205-f7945b68db56%3Fw%3D1600%26h%3D900%26fit%3Dcrop&w=3840&q=75:0
[ 5287706ms] [ERROR] Failed to load resource: the server responded with a status of 404 (Not Found) @ http://localhost:3000/_next/image?url=https%3A%2F%2Fimages.unsplash.com%2Fphoto-1506484381205-f7945b68db56%3Fw%3D1600%26h%3D900%26fit%3Dcrop&w=3840&q=75:0
[ 5305566ms] [ERROR] Failed to load resource: the server responded with a status of 404 (Not Found) @ http://localhost:3000/_next/image?url=https%3A%2F%2Fimages.unsplash.com%2Fphoto-1506484381205-f7945b68db56%3Fw%3D1600%26h%3D900%26fit%3Dcrop&w=3840&q=75:0
[ 5323579ms] [ERROR] Failed to load resource: the server responded with a status of 404 (Not Found) @ http://localhost:3000/_next/image?url=https%3A%2F%2Fimages.unsplash.com%2Fphoto-1506484381205-f7945b68db56%3Fw%3D1600%26h%3D900%26fit%3Dcrop&w=3840&q=75:0
[ 5341706ms] [ERROR] Failed to load resource: the server responded with a status of 404 (Not Found) @ http://localhost:3000/_next/image?url=https%3A%2F%2Fimages.unsplash.com%2Fphoto-1506484381205-f7945b68db56%3Fw%3D1600%26h%3D900%26fit%3Dcrop&w=3840&q=75:0
[ 5359658ms] [ERROR] Failed to load resource: the server responded with a status of 404 (Not Found) @ http://localhost:3000/_next/image?url=https%3A%2F%2Fimages.unsplash.com%2Fphoto-1506484381205-f7945b68db56%3Fw%3D1600%26h%3D900%26fit%3Dcrop&w=3840&q=75:0
