[     237ms] [INFO] %cDownload the React DevTools for a better development experience: https://react.dev/link/react-devtools font-weight:bold @ webpack-internal:///(app-pages-browser)/./node_modules/next/dist/compiled/react-dom/cjs/react-dom-client.development.js:25630
[     402ms] [WARNING] Image with src "https://images.unsplash.com/photo-1586201375761-83865001e31c?w=600&h=400&fit=crop" has "fill" but is missing "sizes" prop. Please add it to improve page performance. Read more: https://nextjs.org/docs/api-reference/next/image#sizes @ webpack-internal:///(app-pages-browser)/./node_modules/next/dist/shared/lib/utils/warn-once.js:15
[     402ms] [WARNING] Image with src "https://images.unsplash.com/photo-1596040033229-a9821ebd058d?w=600&h=400&fit=crop" has "fill" but is missing "sizes" prop. Please add it to improve page performance. Read more: https://nextjs.org/docs/api-reference/next/image#sizes @ webpack-internal:///(app-pages-browser)/./node_modules/next/dist/shared/lib/utils/warn-once.js:15
[     405ms] [WARNING] Image with src "https://images.unsplash.com/photo-1596040033229-a9821ebd058d?w=500&h=500&fit=crop" has "fill" but is missing "sizes" prop. Please add it to improve page performance. Read more: https://nextjs.org/docs/api-reference/next/image#sizes @ webpack-internal:///(app-pages-browser)/./node_modules/next/dist/shared/lib/utils/warn-once.js:15
[     406ms] [WARNING] Image with src "/logo.png" has either width or height modified, but not the other. If you use CSS to change the size of your image, also include the styles 'width: "auto"' or 'height: "auto"' to maintain the aspect ratio. @ webpack-internal:///(app-pages-browser)/./node_modules/next/dist/shared/lib/utils/warn-once.js:15
[    1055ms] [WARNING] Image with src "/images/categories/ready-mixes.png" has "fill" but is missing "sizes" prop. Please add it to improve page performance. Read more: https://nextjs.org/docs/api-reference/next/image#sizes @ webpack-internal:///(app-pages-browser)/./node_modules/next/dist/shared/lib/utils/warn-once.js:15
[    1056ms] [WARNING] Image with src "/images/categories/blended-spices.png" has "fill" but is missing "sizes" prop. Please add it to improve page performance. Read more: https://nextjs.org/docs/api-reference/next/image#sizes @ webpack-internal:///(app-pages-browser)/./node_modules/next/dist/shared/lib/utils/warn-once.js:15
[    1137ms] [WARNING] Image with src "/images/categories/whole-spices.png" has "fill" but is missing "sizes" prop. Please add it to improve page performance. Read more: https://nextjs.org/docs/api-reference/next/image#sizes @ webpack-internal:///(app-pages-browser)/./node_modules/next/dist/shared/lib/utils/warn-once.js:15
[   12612ms] [ERROR] Failed to load resource: the server responded with a status of 404 (Not Found) @ http://localhost:3000/_next/image?url=https%3A%2F%2Fimages.unsplash.com%2Fphoto-1607672632458-9eb56696346a%3Fw%3D1600%26h%3D900%26fit%3Dcrop&w=3840&q=75:0
[   30541ms] [ERROR] Failed to load resource: the server responded with a status of 404 (Not Found) @ http://localhost:3000/_next/image?url=https%3A%2F%2Fimages.unsplash.com%2Fphoto-1607672632458-9eb56696346a%3Fw%3D1600%26h%3D900%26fit%3Dcrop&w=3840&q=75:0
[   48584ms] [ERROR] Failed to load resource: the server responded with a status of 404 (Not Found) @ http://localhost:3000/_next/image?url=https%3A%2F%2Fimages.unsplash.com%2Fphoto-1607672632458-9eb56696346a%3Fw%3D1600%26h%3D900%26fit%3Dcrop&w=3840&q=75:0
[   66585ms] [ERROR] Failed to load resource: the server responded with a status of 404 (Not Found) @ http://localhost:3000/_next/image?url=https%3A%2F%2Fimages.unsplash.com%2Fphoto-1607672632458-9eb56696346a%3Fw%3D1600%26h%3D900%26fit%3Dcrop&w=3840&q=75:0
[   84571ms] [ERROR] Failed to load resource: the server responded with a status of 404 (Not Found) @ http://localhost:3000/_next/image?url=https%3A%2F%2Fimages.unsplash.com%2Fphoto-1607672632458-9eb56696346a%3Fw%3D1600%26h%3D900%26fit%3Dcrop&w=3840&q=75:0
[  102935ms] [ERROR] Failed to load resource: the server responded with a status of 404 (Not Found) @ http://localhost:3000/_next/image?url=https%3A%2F%2Fimages.unsplash.com%2Fphoto-1607672632458-9eb56696346a%3Fw%3D1600%26h%3D900%26fit%3Dcrop&w=3840&q=75:0
[  121188ms] [ERROR] Failed to load resource: the server responded with a status of 404 (Not Found) @ http://localhost:3000/_next/image?url=https%3A%2F%2Fimages.unsplash.com%2Fphoto-1607672632458-9eb56696346a%3Fw%3D1600%26h%3D900%26fit%3Dcrop&w=3840&q=75:0
[  138567ms] [ERROR] Failed to load resource: the server responded with a status of 404 (Not Found) @ http://localhost:3000/_next/image?url=https%3A%2F%2Fimages.unsplash.com%2Fphoto-1607672632458-9eb56696346a%3Fw%3D1600%26h%3D900%26fit%3Dcrop&w=3840&q=75:0
[  156570ms] [ERROR] Failed to load resource: the server responded with a status of 404 (Not Found) @ http://localhost:3000/_next/image?url=https%3A%2F%2Fimages.unsplash.com%2Fphoto-1607672632458-9eb56696346a%3Fw%3D1600%26h%3D900%26fit%3Dcrop&w=3840&q=75:0
[  169163ms] [LOG] [Fast Refresh] rebuilding @ webpack-internal:///(app-pages-browser)/./node_modules/next/dist/client/dev/hot-reloader/app/hot-reloader-app.js:196
[  172947ms] [LOG] [Fast Refresh] done in 3784ms @ webpack-internal:///(app-pages-browser)/./node_modules/next/dist/client/dev/report-hmr-latency.js:13
[  179545ms] [ERROR] Failed to load resource: the server responded with a status of 404 (Not Found) @ http://localhost:3000/_next/image?url=https%3A%2F%2Fimages.unsplash.com%2Fphoto-1607672632458-9eb56696346a%3Fw%3D1600%26h%3D900%26fit%3Dcrop&w=3840&q=75:0
[  197086ms] [ERROR] Failed to load resource: the server responded with a status of 404 (Not Found) @ http://localhost:3000/_next/image?url=https%3A%2F%2Fimages.unsplash.com%2Fphoto-1607672632458-9eb56696346a%3Fw%3D1600%26h%3D900%26fit%3Dcrop&w=3840&q=75:0
[  215338ms] [ERROR] Failed to load resource: the server responded with a status of 404 (Not Found) @ http://localhost:3000/_next/image?url=https%3A%2F%2Fimages.unsplash.com%2Fphoto-1607672632458-9eb56696346a%3Fw%3D1600%26h%3D900%26fit%3Dcrop&w=3840&q=75:0
[  233307ms] [ERROR] Failed to load resource: the server responded with a status of 404 (Not Found) @ http://localhost:3000/_next/image?url=https%3A%2F%2Fimages.unsplash.com%2Fphoto-1607672632458-9eb56696346a%3Fw%3D1600%26h%3D900%26fit%3Dcrop&w=3840&q=75:0
[  251083ms] [ERROR] Failed to load resource: the server responded with a status of 404 (Not Found) @ http://localhost:3000/_next/image?url=https%3A%2F%2Fimages.unsplash.com%2Fphoto-1607672632458-9eb56696346a%3Fw%3D1600%26h%3D900%26fit%3Dcrop&w=3840&q=75:0
[  255573ms] [LOG] [Fast Refresh] rebuilding @ webpack-internal:///(app-pages-browser)/./node_modules/next/dist/client/dev/hot-reloader/app/hot-reloader-app.js:196
[  256136ms] [LOG] [Fast Refresh] done in 563ms @ webpack-internal:///(app-pages-browser)/./node_modules/next/dist/client/dev/report-hmr-latency.js:13
[  274269ms] [ERROR] Failed to load resource: the server responded with a status of 404 (Not Found) @ http://localhost:3000/_next/image?url=https%3A%2F%2Fimages.unsplash.com%2Fphoto-1607672632458-9eb56696346a%3Fw%3D1600%26h%3D900%26fit%3Dcrop&w=3840&q=75:0
[  292270ms] [ERROR] Failed to load resource: the server responded with a status of 404 (Not Found) @ http://localhost:3000/_next/image?url=https%3A%2F%2Fimages.unsplash.com%2Fphoto-1607672632458-9eb56696346a%3Fw%3D1600%26h%3D900%26fit%3Dcrop&w=3840&q=75:0
[  310274ms] [ERROR] Failed to load resource: the server responded with a status of 404 (Not Found) @ http://localhost:3000/_next/image?url=https%3A%2F%2Fimages.unsplash.com%2Fphoto-1607672632458-9eb56696346a%3Fw%3D1600%26h%3D900%26fit%3Dcrop&w=3840&q=75:0
[  328266ms] [ERROR] Failed to load resource: the server responded with a status of 404 (Not Found) @ http://localhost:3000/_next/image?url=https%3A%2F%2Fimages.unsplash.com%2Fphoto-1607672632458-9eb56696346a%3Fw%3D1600%26h%3D900%26fit%3Dcrop&w=3840&q=75:0
[  346275ms] [ERROR] Failed to load resource: the server responded with a status of 404 (Not Found) @ http://localhost:3000/_next/image?url=https%3A%2F%2Fimages.unsplash.com%2Fphoto-1607672632458-9eb56696346a%3Fw%3D1600%26h%3D900%26fit%3Dcrop&w=3840&q=75:0
[  364319ms] [ERROR] Failed to load resource: the server responded with a status of 404 (Not Found) @ http://localhost:3000/_next/image?url=https%3A%2F%2Fimages.unsplash.com%2Fphoto-1607672632458-9eb56696346a%3Fw%3D1600%26h%3D900%26fit%3Dcrop&w=3840&q=75:0
[  382273ms] [ERROR] Failed to load resource: the server responded with a status of 404 (Not Found) @ http://localhost:3000/_next/image?url=https%3A%2F%2Fimages.unsplash.com%2Fphoto-1607672632458-9eb56696346a%3Fw%3D1600%26h%3D900%26fit%3Dcrop&w=3840&q=75:0
[  400334ms] [ERROR] Failed to load resource: the server responded with a status of 404 (Not Found) @ http://localhost:3000/_next/image?url=https%3A%2F%2Fimages.unsplash.com%2Fphoto-1607672632458-9eb56696346a%3Fw%3D1600%26h%3D900%26fit%3Dcrop&w=3840&q=75:0
[  418294ms] [ERROR] Failed to load resource: the server responded with a status of 404 (Not Found) @ http://localhost:3000/_next/image?url=https%3A%2F%2Fimages.unsplash.com%2Fphoto-1607672632458-9eb56696346a%3Fw%3D1600%26h%3D900%26fit%3Dcrop&w=3840&q=75:0
[  436268ms] [ERROR] Failed to load resource: the server responded with a status of 404 (Not Found) @ http://localhost:3000/_next/image?url=https%3A%2F%2Fimages.unsplash.com%2Fphoto-1607672632458-9eb56696346a%3Fw%3D1600%26h%3D900%26fit%3Dcrop&w=3840&q=75:0
[  454313ms] [ERROR] Failed to load resource: the server responded with a status of 404 (Not Found) @ http://localhost:3000/_next/image?url=https%3A%2F%2Fimages.unsplash.com%2Fphoto-1607672632458-9eb56696346a%3Fw%3D1600%26h%3D900%26fit%3Dcrop&w=3840&q=75:0
[  472269ms] [ERROR] Failed to load resource: the server responded with a status of 404 (Not Found) @ http://localhost:3000/_next/image?url=https%3A%2F%2Fimages.unsplash.com%2Fphoto-1607672632458-9eb56696346a%3Fw%3D1600%26h%3D900%26fit%3Dcrop&w=3840&q=75:0
[  490274ms] [ERROR] Failed to load resource: the server responded with a status of 404 (Not Found) @ http://localhost:3000/_next/image?url=https%3A%2F%2Fimages.unsplash.com%2Fphoto-1607672632458-9eb56696346a%3Fw%3D1600%26h%3D900%26fit%3Dcrop&w=3840&q=75:0
[  508296ms] [ERROR] Failed to load resource: the server responded with a status of 404 (Not Found) @ http://localhost:3000/_next/image?url=https%3A%2F%2Fimages.unsplash.com%2Fphoto-1607672632458-9eb56696346a%3Fw%3D1600%26h%3D900%26fit%3Dcrop&w=3840&q=75:0
[  526264ms] [ERROR] Failed to load resource: the server responded with a status of 404 (Not Found) @ http://localhost:3000/_next/image?url=https%3A%2F%2Fimages.unsplash.com%2Fphoto-1607672632458-9eb56696346a%3Fw%3D1600%26h%3D900%26fit%3Dcrop&w=3840&q=75:0
[  544383ms] [ERROR] Failed to load resource: the server responded with a status of 404 (Not Found) @ http://localhost:3000/_next/image?url=https%3A%2F%2Fimages.unsplash.com%2Fphoto-1607672632458-9eb56696346a%3Fw%3D1600%26h%3D900%26fit%3Dcrop&w=3840&q=75:0
[  562284ms] [ERROR] Failed to load resource: the server responded with a status of 404 (Not Found) @ http://localhost:3000/_next/image?url=https%3A%2F%2Fimages.unsplash.com%2Fphoto-1607672632458-9eb56696346a%3Fw%3D1600%26h%3D900%26fit%3Dcrop&w=3840&q=75:0
[  580318ms] [ERROR] Failed to load resource: the server responded with a status of 404 (Not Found) @ http://localhost:3000/_next/image?url=https%3A%2F%2Fimages.unsplash.com%2Fphoto-1607672632458-9eb56696346a%3Fw%3D1600%26h%3D900%26fit%3Dcrop&w=3840&q=75:0
[  598582ms] [ERROR] Failed to load resource: the server responded with a status of 404 (Not Found) @ http://localhost:3000/_next/image?url=https%3A%2F%2Fimages.unsplash.com%2Fphoto-1607672632458-9eb56696346a%3Fw%3D1600%26h%3D900%26fit%3Dcrop&w=3840&q=75:0
[  616274ms] [ERROR] Failed to load resource: the server responded with a status of 404 (Not Found) @ http://localhost:3000/_next/image?url=https%3A%2F%2Fimages.unsplash.com%2Fphoto-1607672632458-9eb56696346a%3Fw%3D1600%26h%3D900%26fit%3Dcrop&w=3840&q=75:0
[  634322ms] [ERROR] Failed to load resource: the server responded with a status of 404 (Not Found) @ http://localhost:3000/_next/image?url=https%3A%2F%2Fimages.unsplash.com%2Fphoto-1607672632458-9eb56696346a%3Fw%3D1600%26h%3D900%26fit%3Dcrop&w=3840&q=75:0
[  652354ms] [ERROR] Failed to load resource: the server responded with a status of 404 (Not Found) @ http://localhost:3000/_next/image?url=https%3A%2F%2Fimages.unsplash.com%2Fphoto-1607672632458-9eb56696346a%3Fw%3D1600%26h%3D900%26fit%3Dcrop&w=3840&q=75:0
[  670302ms] [ERROR] Failed to load resource: the server responded with a status of 404 (Not Found) @ http://localhost:3000/_next/image?url=https%3A%2F%2Fimages.unsplash.com%2Fphoto-1607672632458-9eb56696346a%3Fw%3D1600%26h%3D900%26fit%3Dcrop&w=3840&q=75:0
[  688285ms] [ERROR] Failed to load resource: the server responded with a status of 404 (Not Found) @ http://localhost:3000/_next/image?url=https%3A%2F%2Fimages.unsplash.com%2Fphoto-1607672632458-9eb56696346a%3Fw%3D1600%26h%3D900%26fit%3Dcrop&w=3840&q=75:0
[  706281ms] [ERROR] Failed to load resource: the server responded with a status of 404 (Not Found) @ http://localhost:3000/_next/image?url=https%3A%2F%2Fimages.unsplash.com%2Fphoto-1607672632458-9eb56696346a%3Fw%3D1600%26h%3D900%26fit%3Dcrop&w=3840&q=75:0
[  724304ms] [ERROR] Failed to load resource: the server responded with a status of 404 (Not Found) @ http://localhost:3000/_next/image?url=https%3A%2F%2Fimages.unsplash.com%2Fphoto-1607672632458-9eb56696346a%3Fw%3D1600%26h%3D900%26fit%3Dcrop&w=3840&q=75:0
[  742286ms] [ERROR] Failed to load resource: the server responded with a status of 404 (Not Found) @ http://localhost:3000/_next/image?url=https%3A%2F%2Fimages.unsplash.com%2Fphoto-1607672632458-9eb56696346a%3Fw%3D1600%26h%3D900%26fit%3Dcrop&w=3840&q=75:0
[  760284ms] [ERROR] Failed to load resource: the server responded with a status of 404 (Not Found) @ http://localhost:3000/_next/image?url=https%3A%2F%2Fimages.unsplash.com%2Fphoto-1607672632458-9eb56696346a%3Fw%3D1600%26h%3D900%26fit%3Dcrop&w=3840&q=75:0
[  778271ms] [ERROR] Failed to load resource: the server responded with a status of 404 (Not Found) @ http://localhost:3000/_next/image?url=https%3A%2F%2Fimages.unsplash.com%2Fphoto-1607672632458-9eb56696346a%3Fw%3D1600%26h%3D900%26fit%3Dcrop&w=3840&q=75:0
[  796325ms] [ERROR] Failed to load resource: the server responded with a status of 404 (Not Found) @ http://localhost:3000/_next/image?url=https%3A%2F%2Fimages.unsplash.com%2Fphoto-1607672632458-9eb56696346a%3Fw%3D1600%26h%3D900%26fit%3Dcrop&w=3840&q=75:0
[  814303ms] [ERROR] Failed to load resource: the server responded with a status of 404 (Not Found) @ http://localhost:3000/_next/image?url=https%3A%2F%2Fimages.unsplash.com%2Fphoto-1607672632458-9eb56696346a%3Fw%3D1600%26h%3D900%26fit%3Dcrop&w=3840&q=75:0
[  832463ms] [ERROR] Failed to load resource: the server responded with a status of 404 (Not Found) @ http://localhost:3000/_next/image?url=https%3A%2F%2Fimages.unsplash.com%2Fphoto-1607672632458-9eb56696346a%3Fw%3D1600%26h%3D900%26fit%3Dcrop&w=3840&q=75:0
[  836898ms] [LOG] [Fast Refresh] rebuilding @ webpack-internal:///(app-pages-browser)/./node_modules/next/dist/client/dev/hot-reloader/app/hot-reloader-app.js:196
[  839410ms] [LOG] [Fast Refresh] done in 2511ms @ webpack-internal:///(app-pages-browser)/./node_modules/next/dist/client/dev/report-hmr-latency.js:13
[  851560ms] [ERROR] Failed to load resource: the server responded with a status of 404 (Not Found) @ http://localhost:3000/_next/image?url=https%3A%2F%2Fimages.unsplash.com%2Fphoto-1607672632458-9eb56696346a%3Fw%3D1600%26h%3D900%26fit%3Dcrop&w=3840&q=75:0
[  869562ms] [ERROR] Failed to load resource: the server responded with a status of 404 (Not Found) @ http://localhost:3000/_next/image?url=https%3A%2F%2Fimages.unsplash.com%2Fphoto-1607672632458-9eb56696346a%3Fw%3D1600%26h%3D900%26fit%3Dcrop&w=3840&q=75:0
[  887624ms] [ERROR] Failed to load resource: the server responded with a status of 404 (Not Found) @ http://localhost:3000/_next/image?url=https%3A%2F%2Fimages.unsplash.com%2Fphoto-1607672632458-9eb56696346a%3Fw%3D1600%26h%3D900%26fit%3Dcrop&w=3840&q=75:0
[  891712ms] [LOG] [Fast Refresh] rebuilding @ webpack-internal:///(app-pages-browser)/./node_modules/next/dist/client/dev/hot-reloader/app/hot-reloader-app.js:196
[  892170ms] [LOG] [Fast Refresh] done in 459ms @ webpack-internal:///(app-pages-browser)/./node_modules/next/dist/client/dev/report-hmr-latency.js:13
[  910444ms] [ERROR] Failed to load resource: the server responded with a status of 404 (Not Found) @ http://localhost:3000/_next/image?url=https%3A%2F%2Fimages.unsplash.com%2Fphoto-1607672632458-9eb56696346a%3Fw%3D1600%26h%3D900%26fit%3Dcrop&w=3840&q=75:0
[  928380ms] [ERROR] Failed to load resource: the server responded with a status of 404 (Not Found) @ http://localhost:3000/_next/image?url=https%3A%2F%2Fimages.unsplash.com%2Fphoto-1607672632458-9eb56696346a%3Fw%3D1600%26h%3D900%26fit%3Dcrop&w=3840&q=75:0
[  946324ms] [ERROR] Failed to load resource: the server responded with a status of 404 (Not Found) @ http://localhost:3000/_next/image?url=https%3A%2F%2Fimages.unsplash.com%2Fphoto-1607672632458-9eb56696346a%3Fw%3D1600%26h%3D900%26fit%3Dcrop&w=3840&q=75:0
[  964319ms] [ERROR] Failed to load resource: the server responded with a status of 404 (Not Found) @ http://localhost:3000/_next/image?url=https%3A%2F%2Fimages.unsplash.com%2Fphoto-1607672632458-9eb56696346a%3Fw%3D1600%26h%3D900%26fit%3Dcrop&w=3840&q=75:0
[  982463ms] [ERROR] Failed to load resource: the server responded with a status of 404 (Not Found) @ http://localhost:3000/_next/image?url=https%3A%2F%2Fimages.unsplash.com%2Fphoto-1607672632458-9eb56696346a%3Fw%3D1600%26h%3D900%26fit%3Dcrop&w=3840&q=75:0
[ 1000451ms] [ERROR] Failed to load resource: the server responded with a status of 404 (Not Found) @ http://localhost:3000/_next/image?url=https%3A%2F%2Fimages.unsplash.com%2Fphoto-1607672632458-9eb56696346a%3Fw%3D1600%26h%3D900%26fit%3Dcrop&w=3840&q=75:0
[ 1018326ms] [ERROR] Failed to load resource: the server responded with a status of 404 (Not Found) @ http://localhost:3000/_next/image?url=https%3A%2F%2Fimages.unsplash.com%2Fphoto-1607672632458-9eb56696346a%3Fw%3D1600%26h%3D900%26fit%3Dcrop&w=3840&q=75:0
[ 1037060ms] [ERROR] Failed to load resource: the server responded with a status of 404 (Not Found) @ http://localhost:3000/_next/image?url=https%3A%2F%2Fimages.unsplash.com%2Fphoto-1607672632458-9eb56696346a%3Fw%3D1600%26h%3D900%26fit%3Dcrop&w=3840&q=75:0
[ 1054312ms] [ERROR] Failed to load resource: the server responded with a status of 404 (Not Found) @ http://localhost:3000/_next/image?url=https%3A%2F%2Fimages.unsplash.com%2Fphoto-1607672632458-9eb56696346a%3Fw%3D1600%26h%3D900%26fit%3Dcrop&w=3840&q=75:0
[ 1072324ms] [ERROR] Failed to load resource: the server responded with a status of 404 (Not Found) @ http://localhost:3000/_next/image?url=https%3A%2F%2Fimages.unsplash.com%2Fphoto-1607672632458-9eb56696346a%3Fw%3D1600%26h%3D900%26fit%3Dcrop&w=3840&q=75:0
[ 1090346ms] [ERROR] Failed to load resource: the server responded with a status of 404 (Not Found) @ http://localhost:3000/_next/image?url=https%3A%2F%2Fimages.unsplash.com%2Fphoto-1607672632458-9eb56696346a%3Fw%3D1600%26h%3D900%26fit%3Dcrop&w=3840&q=75:0
[ 1108332ms] [ERROR] Failed to load resource: the server responded with a status of 404 (Not Found) @ http://localhost:3000/_next/image?url=https%3A%2F%2Fimages.unsplash.com%2Fphoto-1607672632458-9eb56696346a%3Fw%3D1600%26h%3D900%26fit%3Dcrop&w=3840&q=75:0
[ 1126316ms] [ERROR] Failed to load resource: the server responded with a status of 404 (Not Found) @ http://localhost:3000/_next/image?url=https%3A%2F%2Fimages.unsplash.com%2Fphoto-1607672632458-9eb56696346a%3Fw%3D1600%26h%3D900%26fit%3Dcrop&w=3840&q=75:0
[ 1144312ms] [ERROR] Failed to load resource: the server responded with a status of 404 (Not Found) @ http://localhost:3000/_next/image?url=https%3A%2F%2Fimages.unsplash.com%2Fphoto-1607672632458-9eb56696346a%3Fw%3D1600%26h%3D900%26fit%3Dcrop&w=3840&q=75:0
[ 1162300ms] [ERROR] Failed to load resource: the server responded with a status of 404 (Not Found) @ http://localhost:3000/_next/image?url=https%3A%2F%2Fimages.unsplash.com%2Fphoto-1607672632458-9eb56696346a%3Fw%3D1600%26h%3D900%26fit%3Dcrop&w=3840&q=75:0
[ 1180400ms] [ERROR] Failed to load resource: the server responded with a status of 404 (Not Found) @ http://localhost:3000/_next/image?url=https%3A%2F%2Fimages.unsplash.com%2Fphoto-1607672632458-9eb56696346a%3Fw%3D1600%26h%3D900%26fit%3Dcrop&w=3840&q=75:0
[ 1198320ms] [ERROR] Failed to load resource: the server responded with a status of 404 (Not Found) @ http://localhost:3000/_next/image?url=https%3A%2F%2Fimages.unsplash.com%2Fphoto-1607672632458-9eb56696346a%3Fw%3D1600%26h%3D900%26fit%3Dcrop&w=3840&q=75:0
[ 1216300ms] [ERROR] Failed to load resource: the server responded with a status of 404 (Not Found) @ http://localhost:3000/_next/image?url=https%3A%2F%2Fimages.unsplash.com%2Fphoto-1607672632458-9eb56696346a%3Fw%3D1600%26h%3D900%26fit%3Dcrop&w=3840&q=75:0
[ 1234290ms] [ERROR] Failed to load resource: the server responded with a status of 404 (Not Found) @ http://localhost:3000/_next/image?url=https%3A%2F%2Fimages.unsplash.com%2Fphoto-1607672632458-9eb56696346a%3Fw%3D1600%26h%3D900%26fit%3Dcrop&w=3840&q=75:0
[ 1252362ms] [ERROR] Failed to load resource: the server responded with a status of 404 (Not Found) @ http://localhost:3000/_next/image?url=https%3A%2F%2Fimages.unsplash.com%2Fphoto-1607672632458-9eb56696346a%3Fw%3D1600%26h%3D900%26fit%3Dcrop&w=3840&q=75:0
[ 1270376ms] [ERROR] Failed to load resource: the server responded with a status of 404 (Not Found) @ http://localhost:3000/_next/image?url=https%3A%2F%2Fimages.unsplash.com%2Fphoto-1607672632458-9eb56696346a%3Fw%3D1600%26h%3D900%26fit%3Dcrop&w=3840&q=75:0
[ 1288341ms] [ERROR] Failed to load resource: the server responded with a status of 404 (Not Found) @ http://localhost:3000/_next/image?url=https%3A%2F%2Fimages.unsplash.com%2Fphoto-1607672632458-9eb56696346a%3Fw%3D1600%26h%3D900%26fit%3Dcrop&w=3840&q=75:0
[ 1306300ms] [ERROR] Failed to load resource: the server responded with a status of 404 (Not Found) @ http://localhost:3000/_next/image?url=https%3A%2F%2Fimages.unsplash.com%2Fphoto-1607672632458-9eb56696346a%3Fw%3D1600%26h%3D900%26fit%3Dcrop&w=3840&q=75:0
[ 1324317ms] [ERROR] Failed to load resource: the server responded with a status of 404 (Not Found) @ http://localhost:3000/_next/image?url=https%3A%2F%2Fimages.unsplash.com%2Fphoto-1607672632458-9eb56696346a%3Fw%3D1600%26h%3D900%26fit%3Dcrop&w=3840&q=75:0
[ 1343031ms] [ERROR] Failed to load resource: the server responded with a status of 404 (Not Found) @ http://localhost:3000/_next/image?url=https%3A%2F%2Fimages.unsplash.com%2Fphoto-1607672632458-9eb56696346a%3Fw%3D1600%26h%3D900%26fit%3Dcrop&w=3840&q=75:0
[ 1360531ms] [ERROR] Failed to load resource: the server responded with a status of 404 (Not Found) @ http://localhost:3000/_next/image?url=https%3A%2F%2Fimages.unsplash.com%2Fphoto-1607672632458-9eb56696346a%3Fw%3D1600%26h%3D900%26fit%3Dcrop&w=3840&q=75:0
[ 1378343ms] [ERROR] Failed to load resource: the server responded with a status of 404 (Not Found) @ http://localhost:3000/_next/image?url=https%3A%2F%2Fimages.unsplash.com%2Fphoto-1607672632458-9eb56696346a%3Fw%3D1600%26h%3D900%26fit%3Dcrop&w=3840&q=75:0
[ 1396329ms] [ERROR] Failed to load resource: the server responded with a status of 404 (Not Found) @ http://localhost:3000/_next/image?url=https%3A%2F%2Fimages.unsplash.com%2Fphoto-1607672632458-9eb56696346a%3Fw%3D1600%26h%3D900%26fit%3Dcrop&w=3840&q=75:0
[ 1414346ms] [ERROR] Failed to load resource: the server responded with a status of 404 (Not Found) @ http://localhost:3000/_next/image?url=https%3A%2F%2Fimages.unsplash.com%2Fphoto-1607672632458-9eb56696346a%3Fw%3D1600%26h%3D900%26fit%3Dcrop&w=3840&q=75:0
[ 1432385ms] [ERROR] Failed to load resource: the server responded with a status of 404 (Not Found) @ http://localhost:3000/_next/image?url=https%3A%2F%2Fimages.unsplash.com%2Fphoto-1607672632458-9eb56696346a%3Fw%3D1600%26h%3D900%26fit%3Dcrop&w=3840&q=75:0
[ 1450348ms] [ERROR] Failed to load resource: the server responded with a status of 404 (Not Found) @ http://localhost:3000/_next/image?url=https%3A%2F%2Fimages.unsplash.com%2Fphoto-1607672632458-9eb56696346a%3Fw%3D1600%26h%3D900%26fit%3Dcrop&w=3840&q=75:0
[ 1468324ms] [ERROR] Failed to load resource: the server responded with a status of 404 (Not Found) @ http://localhost:3000/_next/image?url=https%3A%2F%2Fimages.unsplash.com%2Fphoto-1607672632458-9eb56696346a%3Fw%3D1600%26h%3D900%26fit%3Dcrop&w=3840&q=75:0
[ 1486387ms] [ERROR] Failed to load resource: the server responded with a status of 404 (Not Found) @ http://localhost:3000/_next/image?url=https%3A%2F%2Fimages.unsplash.com%2Fphoto-1607672632458-9eb56696346a%3Fw%3D1600%26h%3D900%26fit%3Dcrop&w=3840&q=75:0
[ 1504427ms] [ERROR] Failed to load resource: the server responded with a status of 404 (Not Found) @ http://localhost:3000/_next/image?url=https%3A%2F%2Fimages.unsplash.com%2Fphoto-1607672632458-9eb56696346a%3Fw%3D1600%26h%3D900%26fit%3Dcrop&w=3840&q=75:0
[ 1522306ms] [ERROR] Failed to load resource: the server responded with a status of 404 (Not Found) @ http://localhost:3000/_next/image?url=https%3A%2F%2Fimages.unsplash.com%2Fphoto-1607672632458-9eb56696346a%3Fw%3D1600%26h%3D900%26fit%3Dcrop&w=3840&q=75:0
[ 1540326ms] [ERROR] Failed to load resource: the server responded with a status of 404 (Not Found) @ http://localhost:3000/_next/image?url=https%3A%2F%2Fimages.unsplash.com%2Fphoto-1607672632458-9eb56696346a%3Fw%3D1600%26h%3D900%26fit%3Dcrop&w=3840&q=75:0
[ 1558327ms] [ERROR] Failed to load resource: the server responded with a status of 404 (Not Found) @ http://localhost:3000/_next/image?url=https%3A%2F%2Fimages.unsplash.com%2Fphoto-1607672632458-9eb56696346a%3Fw%3D1600%26h%3D900%26fit%3Dcrop&w=3840&q=75:0
[ 1576318ms] [ERROR] Failed to load resource: the server responded with a status of 404 (Not Found) @ http://localhost:3000/_next/image?url=https%3A%2F%2Fimages.unsplash.com%2Fphoto-1607672632458-9eb56696346a%3Fw%3D1600%26h%3D900%26fit%3Dcrop&w=3840&q=75:0
[ 1594396ms] [ERROR] Failed to load resource: the server responded with a status of 404 (Not Found) @ http://localhost:3000/_next/image?url=https%3A%2F%2Fimages.unsplash.com%2Fphoto-1607672632458-9eb56696346a%3Fw%3D1600%26h%3D900%26fit%3Dcrop&w=3840&q=75:0
[ 1612318ms] [ERROR] Failed to load resource: the server responded with a status of 404 (Not Found) @ http://localhost:3000/_next/image?url=https%3A%2F%2Fimages.unsplash.com%2Fphoto-1607672632458-9eb56696346a%3Fw%3D1600%26h%3D900%26fit%3Dcrop&w=3840&q=75:0
[ 1630305ms] [ERROR] Failed to load resource: the server responded with a status of 404 (Not Found) @ http://localhost:3000/_next/image?url=https%3A%2F%2Fimages.unsplash.com%2Fphoto-1607672632458-9eb56696346a%3Fw%3D1600%26h%3D900%26fit%3Dcrop&w=3840&q=75:0
[ 1649084ms] [ERROR] Failed to load resource: the server responded with a status of 404 (Not Found) @ http://localhost:3000/_next/image?url=https%3A%2F%2Fimages.unsplash.com%2Fphoto-1607672632458-9eb56696346a%3Fw%3D1600%26h%3D900%26fit%3Dcrop&w=3840&q=75:0
[ 1666399ms] [ERROR] Failed to load resource: the server responded with a status of 404 (Not Found) @ http://localhost:3000/_next/image?url=https%3A%2F%2Fimages.unsplash.com%2Fphoto-1607672632458-9eb56696346a%3Fw%3D1600%26h%3D900%26fit%3Dcrop&w=3840&q=75:0
[ 1684383ms] [ERROR] Failed to load resource: the server responded with a status of 404 (Not Found) @ http://localhost:3000/_next/image?url=https%3A%2F%2Fimages.unsplash.com%2Fphoto-1607672632458-9eb56696346a%3Fw%3D1600%26h%3D900%26fit%3Dcrop&w=3840&q=75:0
[ 1702341ms] [ERROR] Failed to load resource: the server responded with a status of 404 (Not Found) @ http://localhost:3000/_next/image?url=https%3A%2F%2Fimages.unsplash.com%2Fphoto-1607672632458-9eb56696346a%3Fw%3D1600%26h%3D900%26fit%3Dcrop&w=3840&q=75:0
[ 1720383ms] [ERROR] Failed to load resource: the server responded with a status of 404 (Not Found) @ http://localhost:3000/_next/image?url=https%3A%2F%2Fimages.unsplash.com%2Fphoto-1607672632458-9eb56696346a%3Fw%3D1600%26h%3D900%26fit%3Dcrop&w=3840&q=75:0
[ 1738352ms] [ERROR] Failed to load resource: the server responded with a status of 404 (Not Found) @ http://localhost:3000/_next/image?url=https%3A%2F%2Fimages.unsplash.com%2Fphoto-1607672632458-9eb56696346a%3Fw%3D1600%26h%3D900%26fit%3Dcrop&w=3840&q=75:0
[ 1756377ms] [ERROR] Failed to load resource: the server responded with a status of 404 (Not Found) @ http://localhost:3000/_next/image?url=https%3A%2F%2Fimages.unsplash.com%2Fphoto-1607672632458-9eb56696346a%3Fw%3D1600%26h%3D900%26fit%3Dcrop&w=3840&q=75:0
[ 1774301ms] [ERROR] Failed to load resource: the server responded with a status of 404 (Not Found) @ http://localhost:3000/_next/image?url=https%3A%2F%2Fimages.unsplash.com%2Fphoto-1607672632458-9eb56696346a%3Fw%3D1600%26h%3D900%26fit%3Dcrop&w=3840&q=75:0
[ 1792333ms] [ERROR] Failed to load resource: the server responded with a status of 404 (Not Found) @ http://localhost:3000/_next/image?url=https%3A%2F%2Fimages.unsplash.com%2Fphoto-1607672632458-9eb56696346a%3Fw%3D1600%26h%3D900%26fit%3Dcrop&w=3840&q=75:0
[ 1810298ms] [ERROR] Failed to load resource: the server responded with a status of 404 (Not Found) @ http://localhost:3000/_next/image?url=https%3A%2F%2Fimages.unsplash.com%2Fphoto-1607672632458-9eb56696346a%3Fw%3D1600%26h%3D900%26fit%3Dcrop&w=3840&q=75:0
[ 1828384ms] [ERROR] Failed to load resource: the server responded with a status of 404 (Not Found) @ http://localhost:3000/_next/image?url=https%3A%2F%2Fimages.unsplash.com%2Fphoto-1607672632458-9eb56696346a%3Fw%3D1600%26h%3D900%26fit%3Dcrop&w=3840&q=75:0
[ 1846342ms] [ERROR] Failed to load resource: the server responded with a status of 404 (Not Found) @ http://localhost:3000/_next/image?url=https%3A%2F%2Fimages.unsplash.com%2Fphoto-1607672632458-9eb56696346a%3Fw%3D1600%26h%3D900%26fit%3Dcrop&w=3840&q=75:0
[ 1864360ms] [ERROR] Failed to load resource: the server responded with a status of 404 (Not Found) @ http://localhost:3000/_next/image?url=https%3A%2F%2Fimages.unsplash.com%2Fphoto-1607672632458-9eb56696346a%3Fw%3D1600%26h%3D900%26fit%3Dcrop&w=3840&q=75:0
[ 1882415ms] [ERROR] Failed to load resource: the server responded with a status of 404 (Not Found) @ http://localhost:3000/_next/image?url=https%3A%2F%2Fimages.unsplash.com%2Fphoto-1607672632458-9eb56696346a%3Fw%3D1600%26h%3D900%26fit%3Dcrop&w=3840&q=75:0
[ 1900335ms] [ERROR] Failed to load resource: the server responded with a status of 404 (Not Found) @ http://localhost:3000/_next/image?url=https%3A%2F%2Fimages.unsplash.com%2Fphoto-1607672632458-9eb56696346a%3Fw%3D1600%26h%3D900%26fit%3Dcrop&w=3840&q=75:0
[ 1918378ms] [ERROR] Failed to load resource: the server responded with a status of 404 (Not Found) @ http://localhost:3000/_next/image?url=https%3A%2F%2Fimages.unsplash.com%2Fphoto-1607672632458-9eb56696346a%3Fw%3D1600%26h%3D900%26fit%3Dcrop&w=3840&q=75:0
[ 1928364ms] [LOG] [Fast Refresh] rebuilding @ webpack-internal:///(app-pages-browser)/./node_modules/next/dist/client/dev/hot-reloader/app/hot-reloader-app.js:196
[ 1928944ms] [LOG] [Fast Refresh] done in 580ms @ webpack-internal:///(app-pages-browser)/./node_modules/next/dist/client/dev/report-hmr-latency.js:13
[ 1936397ms] [ERROR] Failed to load resource: the server responded with a status of 404 (Not Found) @ http://localhost:3000/_next/image?url=https%3A%2F%2Fimages.unsplash.com%2Fphoto-1607672632458-9eb56696346a%3Fw%3D1600%26h%3D900%26fit%3Dcrop&w=3840&q=75:0
[ 1955066ms] [ERROR] Failed to load resource: the server responded with a status of 404 (Not Found) @ http://localhost:3000/_next/image?url=https%3A%2F%2Fimages.unsplash.com%2Fphoto-1607672632458-9eb56696346a%3Fw%3D1600%26h%3D900%26fit%3Dcrop&w=3840&q=75:0
[ 1972356ms] [ERROR] Failed to load resource: the server responded with a status of 404 (Not Found) @ http://localhost:3000/_next/image?url=https%3A%2F%2Fimages.unsplash.com%2Fphoto-1607672632458-9eb56696346a%3Fw%3D1600%26h%3D900%26fit%3Dcrop&w=3840&q=75:0
